Using device: cuda
Loading cached graphs from data/processed/graphs.pkl
  Loaded 890 graphs.
Split: 623 train / 133 val / 134 test songs
Causal model parameters: 622,481
  use_prev_edges=False  — occ[i] cannot see occ[i+1] features
  use_chord_in_occ=True — occ input includes current chord type features
  num_layers=3          — 3-step backward receptive field

=== Training Causal HeteroGNN ===
  Epoch   5 | train_loss=1.9638 | val_ce=1.9871 | val_top1=0.502 | val_top5=0.795
  Epoch  10 | train_loss=1.6018 | val_ce=1.7403 | val_top1=0.560 | val_top5=0.845
  Epoch  15 | train_loss=1.4669 | val_ce=1.6577 | val_top1=0.591 | val_top5=0.860
  Epoch  20 | train_loss=1.3816 | val_ce=1.6028 | val_top1=0.595 | val_top5=0.872
  Epoch  25 | train_loss=1.3216 | val_ce=1.6008 | val_top1=0.601 | val_top5=0.873
  Epoch  30 | train_loss=1.2742 | val_ce=1.5815 | val_top1=0.611 | val_top5=0.871
  Epoch  35 | train_loss=1.2355 | val_ce=1.5712 | val_top1=0.614 | val_top5=0.876
  Epoch  40 | train_loss=1.2142 | val_ce=1.5657 | val_top1=0.613 | val_top5=0.876
  Epoch  45 | train_loss=1.1847 | val_ce=1.5638 | val_top1=0.615 | val_top5=0.879
  Epoch  50 | train_loss=1.1681 | val_ce=1.5611 | val_top1=0.619 | val_top5=0.879
  Epoch  55 | train_loss=1.1579 | val_ce=1.5576 | val_top1=0.617 | val_top5=0.878
  Epoch  60 | train_loss=1.1573 | val_ce=1.5579 | val_top1=0.618 | val_top5=0.879

=== Causal GNN Test Results ===
  top1_acc: 0.6075
  top5_acc: 0.8924
  top10_acc: 0.9470
  cross_entropy: 1.4644

=== Per-section accuracy ===
  verse                 top1=0.603  (n=3043)
  chorus                top1=0.590  (n=2590)
  bridge                top1=0.512  (n=586)
  intro                 top1=0.723  (n=538)
  solo                  top1=0.659  (n=437)
  outro                 top1=0.668  (n=343)
  prechorus             top1=0.555  (n=238)
  interlude             top1=0.648  (n=219)
  instrumental          top1=0.733  (n=150)
  trans                 top1=0.694  (n=147)
  other                 top1=0.435  (n=108)

=== Comparison ===
  Model                      Top-1    Top-5    CE
  Full (with prev)           0.9982   0.9992   0.0154
  Causal (no prev)           0.6075   0.8924   1.4644
Saved results/causal_gnn_training_curves.png
Saved results/causal_gnn_section_accuracy.png

All outputs saved to results/
