Using device: cuda
Loading cached graphs from data/processed/graphs.pkl
  Loaded 890 graphs.
Split: 623 train / 133 val / 134 test songs
Causal model parameters: 619,025
  use_prev_edges=False  — occ[i] cannot see occ[i+1] features
  use_chord_in_occ=True — occ input includes current chord type features
  num_layers=3          — 3-step backward receptive field

=== Training Causal HeteroGNN ===
  Epoch   5 | train_loss=1.9211 | val_ce=1.9336 | val_top1=0.517 | val_top5=0.814
  Epoch  10 | train_loss=1.6566 | val_ce=1.7148 | val_top1=0.579 | val_top5=0.848
  Epoch  15 | train_loss=1.5241 | val_ce=1.6647 | val_top1=0.587 | val_top5=0.857
  Epoch  20 | train_loss=1.4308 | val_ce=1.6103 | val_top1=0.592 | val_top5=0.871
  Epoch  25 | train_loss=1.3780 | val_ce=1.5966 | val_top1=0.597 | val_top5=0.870
  Epoch  30 | train_loss=1.3398 | val_ce=1.5862 | val_top1=0.605 | val_top5=0.872
  Epoch  35 | train_loss=1.3048 | val_ce=1.5698 | val_top1=0.607 | val_top5=0.872
  Epoch  40 | train_loss=1.2766 | val_ce=1.5610 | val_top1=0.612 | val_top5=0.877
  Epoch  45 | train_loss=1.2433 | val_ce=1.5547 | val_top1=0.612 | val_top5=0.878
  Epoch  50 | train_loss=1.2279 | val_ce=1.5518 | val_top1=0.615 | val_top5=0.879
  Epoch  55 | train_loss=1.2244 | val_ce=1.5521 | val_top1=0.613 | val_top5=0.878
  Epoch  60 | train_loss=1.2220 | val_ce=1.5520 | val_top1=0.615 | val_top5=0.877

=== Causal GNN Test Results ===
  top1_acc: 0.6075
  top5_acc: 0.8901
  top10_acc: 0.9501
  cross_entropy: 1.4430

=== Per-section accuracy ===
  verse                 top1=0.592  (n=3043)
  chorus                top1=0.587  (n=2590)
  bridge                top1=0.517  (n=586)
  intro                 top1=0.730  (n=538)
  solo                  top1=0.659  (n=437)
  outro                 top1=0.682  (n=343)
  prechorus             top1=0.601  (n=238)
  interlude             top1=0.685  (n=219)
  instrumental          top1=0.740  (n=150)
  trans                 top1=0.721  (n=147)
  other                 top1=0.491  (n=108)

=== Comparison ===
  Model                      Top-1    Top-5    CE
  Full (with prev)           0.9982   0.9992   0.0154
  Causal (no prev)           0.6075   0.8901   1.4430
Saved results/causal_gnn_training_curves.png
Saved results/causal_gnn_section_accuracy.png

All outputs saved to results/
