Loading songs...
  890 songs to process
  890 remaining
[1/890] James Brown — I Don't mind ... blues (american, blues, funk)
[2/890] Roberta Flack and Donny Hathaway — You've got a Friend ... other (—)
[3/890] Bette Midler — The Rose ... rock (rock, pop)
[4/890] Billy Joel — An Innocent Man ... rock (rock, classical, pop)
[5/890] Johnny Lee — Lookin' for Love ... country (country)
[6/890] Aerosmith — Last Child ... rock (rock, 70s, 80s)
[7/890] Cyndi Lauper — She Bop ... rock (rock, synthpop, pop)
[8/890] Hall & Oates — Kiss On My List ... other (—)
[9/890] Tanya Tucker — Here's Some Love ... country (country, country pop, contemporary country)
[10/890] The J. Geils Band — Just Can't Wait ... rock (rock and indie, blues rock, rock)
[11/890] The 5th Dimension — Never My Love ... rock (classic pop and rock, vocal group, sunshine pop)
[12/890] Talking Heads — And She Was ... rock (rock, alternative rock, 80s)
[13/890] Graham Nash — Chicago ... folk (folk, folk rock, pop)
[14/890] Chiffons — Swing Talkin' Guy ... rock (girl group, doo-wop, 1960s)
[15/890] Bad Company — Rock 'n' Roll Fantasy ... rock (rock, british, uk)
[16/890] Steve Miller Band — The Joker ... rock (rock and indie, pop/rock, pop rock)
[17/890] R Dean Tayloy — Indiana Wants Me ... other (—)
[18/890] Heart — Crazy On You ... rock (rock, pop, hard rock)
[19/890] If I Can't Have You — Yvonne Elliman ... other (—)
[20/890] Freedom — Jimi Hendrix ... other (power metal, alemanha)
[21/890] Flatt & Scruggs — Foggy Mountain Breakdown ... other (—)
[22/890] Rolling Stones — It's Only Rock and Roll (But I Like It) ... rock (rock, pop, blues)
[23/890] Snap — The Power ... disco_dance (electronic, 90s, german)
[24/890] Five Man Electrical Band — Absolutely Right ... pop (pop, hard rock, pop rock)
[25/890] Phil Collins — Two Hearts ... rock (rock, pop, progressive rock)
[26/890] The Power Station — Some Like It Hot ... rock (pop rock, rock)
[27/890] The Staple Singers — I'll Take You There ... rock (rock and indie, jazz, r&b)
[28/890] Barbara Streisand — People ... other (—)
[29/890] Beatles — Love Me Do ... rock (rock, pop, progressive rock)
[30/890] Cliff Richard — Carrie ... rock (rock, pop, british)
[31/890] Led Zeppelin — Over The Hills and Far Away ... rock (rock, progressive rock, heavy metal)
[32/890] J. Frank Wilson & The Cavaliers — Last Kiss ... jazz (jazz)
[33/890] The Robert Cray Band — Smoking Gun ... blues (blues, electric blues, classic pop and rock)
[34/890] Bobbi Martin — I Love You So ... pop (pop, country, guitarist)
[35/890] Peggy Lee — Is That All There Is ... pop (pop, jazz, american)
[36/890] Creedence Clearwater Revival — I Put A Spell On You ... rock (rock, american, 60s)
[37/890] Gino Vanelli — Hurts To Be In Love ... other (—)
[38/890] Roy Orbison — Cry Softly Lonely One ... rock (rock, pop, american)
[39/890] The Contours — Do You Love Me ... soul_r&b (soul, motown, doo-wop)
[40/890] Little Joey & The Flips — Bongo Stomp ... pop (pop, rock roll, rock & roll)
[41/890] Gino Vannelli — Black Cars ... jazz (jazz, funk, soft rock)
[42/890] Sly & The Family Stone — Hot Fun In The Summertime ... rock (rock, funk, soul)
[43/890] Meatloaf — Paradise by the Dashboard Light ... other (—)
[44/890] The Youngbloods — Get Together ... pop (psychedelic pop, folk pop, country rock)
[45/890] Heart — Crazy On You ... rock (rock, pop, hard rock)
[46/890] Martha Reeves & The Vandellas — Nowhere To Run ... soul_r&b (r&b, fixme ngs?, motown)
[47/890] Foghat — Drivin' Wheel ... rock (rock, hard rock, blues rock)
[48/890] Little River Band — Reminiscing ... rock (jefferson airplane, rock, 2008 universal fire victim)
[49/890] The Boys — Dial My Heart ... rock (punk rock, pop punk, power pop)
[50/890] James Brown — Cold Sweat - Part 1 ... blues (american, blues, funk)
[51/890] Paul Simon — You Can Call Me Al ... rock (rock, pop, folk)
[52/890] UB40 — Red Red Wine ... pop (pop, british, uk)
[53/890] Michael Jackson — I Just Can't Stop Loving You ... rock (rock, pop, american)
[54/890] David Bowie — Space Oddity ... rock (rock, electronic, pop)
[55/890] Nitty Gritty Dirt Band — Buy For Me The Rain ... folk (folk, bluegrass, country)
[56/890] Pat Benetar — Fire And Ice ... other (—)
[57/890] Spandau Ballet — True ... pop (pop, british, new wave)
[58/890] Peter Gabriel — Shock the Monkey ... rock (rock, soundtrack, pop)
[59/890] Rolling Stones — Wild Horses ... rock (rock, pop, blues)
[60/890] Foghat — Drivin' Wheel ... rock (rock, hard rock, blues rock)
[61/890] Boyz II Men — Motown Philly ... soul_r&b (quiet storm, soul and reggae, pop soul)
[62/890] Bananarama — A Trick Of The Night ... disco_dance (electronic, synthpop, pop)
[63/890] Rod Stewart — Maggie May ... rock (rock, pop, british)
[64/890] Dottie West — A Lesson in Leavin ... country (country, country pop, nashville sound)
[65/890] Ray Price — For The Good Times ... folk (singer-songwriter, country)
[66/890] Little River Band — We Two ... rock (jefferson airplane, rock, 2008 universal fire victim)
[67/890] Rush — The Spirit of Radio ... rock (rock, progressive rock, heavy metal)
[68/890] Bread — If ... rock (classic pop and rock, pop rock, yacht rock)
[69/890] Lynyrd Skynyrd — Sweet Home Alabama ... rock (rock, american, hard rock)
[70/890] The tee set — Ma belle amie ... rock (rock, pop, mainstream rock)
[71/890] The Byrds — Eight Miles High ... rock (rock, pop, folk)
[72/890] Gladys Knight & The Pips — Letter Full of Tears ... soul_r&b (soul, quiet storm, motown)
[73/890] Cream — Sunshine of Your Love ... rock (rock, british, uk)
[74/890] Chuck Berry — Sweet Little Rock N' Roll ... rock (rock, jazz, american)
[75/890] Eric Clapton — Let It Rain ... rock (rock, pop, blues)
[76/890] David Ruffin, Jimmy Ruffin — Stand By Me ... other (—)
[77/890] The Ronettes — Be My Baby ... pop (pop, american, phil spector)
[78/890] Freddie Jackson — Have You Ever Loved Somebody ... soul_r&b (quiet storm, soul)
[79/890] Bing Crosby — Silent Night ... pop (pop, jazz, american)
[80/890] Eric Clapton — Promises ... rock (rock, pop, blues)
[81/890] Blue Eyes Cryin' — Willie Nelson ... other (—)
[82/890] Etta James — Stop the Wedding ... blues (favoritos, blues, jazz)
[83/890] Looking Glass — Brandy ... rock (pop rock, soft rock)
[84/890] The Rolling Stones — Tumbling Dice ... rock (rock, pop, blues)
[85/890] Ronnie Milsap — I wouldn't Have Missed it For The World ... country (country, soft rock, blue-eyed soul)
[86/890] Bobby Bare — Detroit City ... country (country, singer-songwriter)
[87/890] Electric Prunes — I Had Too Much To Dream ... rock (classic pop and rock, garage rock, psychedelic rock)
[88/890] UB40 — The Way You Do The Things You Do ... pop (pop, british, uk)
[89/890] ZZ Top — La Grange ... rock (rock, stoner rock, american)
[90/890] Peter Gabriel — Shock the Monkey ... rock (rock, soundtrack, pop)
[91/890] Dion — Runaround Sue ... pop (pop, french, canadian)
[92/890] The String-A-Longs — Wheels ... other (—)
[93/890] The Police — Spirits In The Material World ... rock (rock, alternative rock, punk)
[94/890] Randy Vanwarmer — Just When I Needed You Most ... other (—)
[95/890] Tina Turner — What's Love Got To Do With It ... rock (rock, pop, american)
[96/890] The Everly Brothers — Walk Right Back ... pop (pop, rockabilly, pop rock)
[97/890] Robert John — Lonely Eyes ... folk (singer-songwriter, soft rock, aor)
[98/890] Eric Clapton — Forever Man ... rock (rock, pop, blues)
[99/890] Santo & Johnny — Sleep Walk ... rock (american, easy listening, instrumental rock)
[100/890] Level 42 — Something About You ... rock (rock, pop, jazz)
[101/890] Elvis Presley — Little Sister ... rock (rock, pop, american)
[102/890] Solomon Burke — If you need me ... soul_r&b (soul, ballad, soul and reggae)
[103/890] Brenda Lee — Sweet Nothin's ... rock (rock, pop, american)
[104/890] Melba Montgomery — No Charge ... country (country)
[105/890] San Franciscan Nights — The Animals ... other (—)
[106/890] Sea of Heartbreak — Don Gibson ... other (—)
[107/890] Twilight Zone — Golden Earring ... other (—)
[108/890] Solomon Burke — If you need me ... soul_r&b (soul, ballad, soul and reggae)
[109/890] 25 or 6 to 4 — Chicago ... other (—)
[110/890] Nathalie Cole — I've Got Love On My Mind ... other (—)
[111/890] Bo Diddley — You Can't Judge A Book By The Cover ... rock (rock, american, blues)
[112/890] Beautiful — Gordon Lightfoot ... rock (rock, pop, alternative rock)
[113/890] Always Something There to Remind Me — Naked Eyes ... other (—)
[114/890] John Denver — Annie's Song ... rock (rock, pop, folk)
[115/890] ABBA — Chiquitita ... rock (rock, electronic, synthpop)
[116/890] Pet Shop Boys — Always on My Mind ... disco_dance (electronic, synthpop, pop)
[117/890] Jimmy Clanton — Just A Dream ... rock (rock and roll, swamp pop)
[118/890] Little River Band — Help Is On The Way ... rock (jefferson airplane, rock, 2008 universal fire victim)
[119/890] Cheap Trick — I Want You To Want Me ... rock (rock, hard rock, power pop)
[120/890] Gloria Gaynor — Never Can Say Goodbye ... soul_r&b (soul, disco, dance-pop)
[121/890] The Rascals — People Got To Be Free ... rock (classic pop and rock, pop rock, blue-eyed soul)
[122/890] Dinah Washington — Unforgettable ... soul_r&b (r&b, rnb, american)
[123/890] Andy Gibb — Shadow Dancing ... pop (pop, disco, classic pop and rock)
[124/890] Eric Clapton — Willie And The Hand Jive ... rock (rock, pop, blues)
[125/890] Alice Cooper — Schoool's out ... rock (rock, heavy metal, new wave)
[126/890] Paul Anka — Love Me Warm And Tender ... pop (pop, jazz, canadian)
[127/890] Chicago — Along Comes A Woman ... rock (rock, pop, jazz)
[128/890] Anne Murray — Could I Have This Dance ... pop (pop, canadian, country)
[129/890] The O'Jays — Love Train ... soul_r&b (funk, soul, disco)
[130/890] Jimmy Cliff — Wonderful World, Beautiful People ... soul_r&b (ska, reggae, soul)
[131/890] Ike & Tina Turner — I Want To Take You Higher ... rock (rock, blues, funk)
[132/890] Billy Joel — Pressure ... rock (rock, classical, pop)
[133/890] Paul McCartney — Maybe I'm Amazed ... rock (rock, classical, synthpop)
[134/890] Steve Winwood — Back in the High Life Again ... rock (rock, synthpop, pop)
[135/890] Chicago — Another Rainy Day in New York City ... rock (rock, pop, jazz)
[136/890] The Eagles — Already Gone ... other (—)
[137/890] Tom Jones — She's A Lady ... pop (pop, british, uk)
[138/890] Ike & Tina Turner — It's Gonna Work Out Fine ... rock (rock, blues, funk)
[139/890] Mel Torme — Comin' Home Baby ... jazz (american, easy listening soundtracks and musicals, jazz)
[140/890] Ray Charles — The Right Time ... pop (pop, jazz, american)
[141/890] Heart — Magic Man ... rock (rock, pop, hard rock)
[142/890] Isaac Hayes — Do your thing ... soul_r&b (american, funk, soul)
[143/890] Rick Springfield — Jessie's Girl ... rock (new wave, pop rock, synth-pop)
[144/890] Abba — Fernando ... rock (rock, electronic, synthpop)
[145/890] Nat King Cole — Ramblin' Rose ... soul_r&b (r&b, pop, american)
[146/890] Roberta Flack — Feel Like Making Love ... pop (pop, jazz, folk)
[147/890] Elvis Presley — For Ol' Times Sake ... rock (rock, pop, american)
[148/890] Michael Jackson — Wanna Be Startin' Somethin' ... rock (rock, pop, american)
[149/890] Glen Campbell — Galveston ... country (country, baroque pop, country pop)
[150/890] Pat Benatar — Promises In The Dark ... rock (rock, pop, new wave)
[151/890] The Beach Boys — Still Cruisin ... rock (rock, pop, american)
[152/890] The Rolling Stones — Honky Tonk Women ... rock (rock, pop, blues)
[153/890] ABBA — Knowing Me, Knowing You ... rock (rock, electronic, synthpop)
[154/890] The Band — Life Is A Carnival ... rock (canadian, classic pop and rock, country rock)
[155/890] John Denver — Back Home Again ... rock (rock, pop, folk)
[156/890] Genesis — Tonight, Tonight, Tonight ... rock (rock, pop, progressive rock)
[157/890] Kenny Rogers — You Decorated My Life ... pop (pop, american, country)
[158/890] The Beach Boys — Sail On Sailor ... rock (rock, pop, american)
[159/890] Billy Joel — Just The Way You Are ... rock (rock, classical, pop)
[160/890] Bing Crosby — White Christmas ... pop (pop, jazz, american)
[161/890] Stevie B — Because I Love You ... disco_dance (electronic, contemporary r&b, pop)
[162/890] The Rolling Stones — Have You Seen Your Mother, Baby, Standing In The Shadow? ... rock (rock, pop, blues)
[163/890] John Denver — It Amazes Me ... rock (rock, pop, folk)
[164/890] Glen Campbell — Rhinestone Cowboy ... country (country, baroque pop, country pop)
[165/890] J. Frank Wilson & The Cavaliers — Last Kiss ... jazz (jazz)
[166/890] Ten Years After — I'd Love To Change The World ... rock (rock, progressive rock, british)
[167/890] Bob Seger — Old Time Rock & Roll ... rock (classic rock heartland rock rock and roll, classic pop and rock, rock)
[168/890] Jimmy Jones — Handy Man ... pop (pop, rock & roll, oldies)
[169/890] Brother Jack McDuff — Theme From Electric Surfboard ... jazz (jazz, blues, hard bop)
[170/890] Dion — Love Came To Me ... pop (pop, french, canadian)
[171/890] Simple Minds — Sanctify Yourself ... rock (rock, electronic, synthpop)
[172/890] Brownsville station — Smokin' In The Boys Room ... rock (boogie rock, hard rock, rock)
[173/890] Max Frost & The Troopers — Shape Of Things To Come ... rock (rock, psychedelic rock, classic rock)
[174/890] Firehouse — Don t Treat Me Bad ... rock (acoustic rock, aor, hard rock)
[175/890] Patrick Hernandez — Born To Be Alive ... disco_dance (electronic, pop, disco)
[176/890] Tom Jones — She's A Lady ... pop (pop, british, uk)
[177/890] Iron Butterfly — In-A-Gadda-Da-Vida ... rock (progressive rock, rock, psychedelic pop)
[178/890] Wednesday — Last Kiss ... rock (american, horror punk, horror/punk-rock)
[179/890] Rolling Stones — Dandelion ... rock (rock, pop, blues)
[180/890] The 5th Dimension — (Last Night) I Didn't Get To Sleep At All ... rock (classic pop and rock, vocal group, sunshine pop)
[181/890] Johnny Tillotson — Worried Guy ... pop (pop, singer-songwriter, country)
[182/890] REO Speedwagon — Time For Me To Fly ... rock (rock, hard rock, classic rock)
[183/890] Pink Floyd — Money ... rock (rock, progressive rock, 70s)
[184/890] The Beach Boys — In My Room ... rock (rock, pop, american)
[185/890] Robert Palmer — Addicted to Love ... rock (rock, synthpop, pop)
[186/890] Pat Benatar — Promises In The Dark ... rock (rock, pop, new wave)
[187/890] Clarence Carter — Patches ... folk (singer-songwriter, soul, r&b)
[188/890] Rolling Stones — Waiting On A Friend ... rock (rock, pop, blues)
[189/890] Patrick Hernandez — Born To Be Alive ... disco_dance (electronic, pop, disco)
[190/890] Marvin Gaye & Kim Weston — It Takes Two ... other (—)
[191/890] Heart — There's the Girl ... rock (rock, pop, hard rock)
[192/890] Bob Dylan — Gotta Serve Somebody ... rock (rock, jazz, folk)
[193/890] Nancy Sinatra — These Boots Are Made For Walkin' ... rock (rock, pop, classic rock)
[194/890] Brenda Lee — As Usual ... rock (rock, pop, american)
[195/890] Elvis Presley — Guitar Man ... rock (rock, pop, american)
[196/890] The Hollies — Long Dark Road ... rock (rock, pop, british)
[197/890] Rita Coolidge — The Way You Do The Things You Do ... pop (pop, american, singer-songwriter)
[198/890] 25 or 6 to 4 — Chicago ... other (—)
[199/890] The Police — Every Little Thing She Does Is Magic ... rock (rock, alternative rock, punk)
[200/890] Jerry Jeff Walker — Mr. Bojangles ... folk (folk, country, outlaw country)
[201/890] Billy Joel — Just The Way You Are ... rock (rock, classical, pop)
[202/890] Eagles — Lyin' Eyes ... rock (classic pop and rock, pop/rock, american)
[203/890] Bobby Womack — That's the Way I Feel About Cha ... soul_r&b (funk, southern soul, classic pop and rock)
[204/890] Whitesnake — Here I Go Again ... rock (rock, 70s, 80s)
[205/890] The Beatles — Do You Want To Know A Secret ... rock (rock, pop, progressive rock)
[206/890] Juice Newton — Break It To Me Gently ... country (country)
[207/890] Digital Underground — The Humpty Dance ... rock (alternative hip hop, rock and indie, west coast hip hop)
[208/890] Village People — In The Navy ... disco_dance (disco, lol, pro trump)
[209/890] Smokey Robinson — Cruisin' ... soul_r&b (american, soul, rnb)
[210/890] Roger Miller — You Can't Roller Skate In A Buffalo Herd ... country (country, country pop, honky tonk)
[211/890] Cyndi Lauper — All Through The Night ... rock (rock, synthpop, pop)
[212/890] Little River Band — The Other Guy ... rock (jefferson airplane, rock, 2008 universal fire victim)
[213/890] Anne Murray — Daydream Believer ... pop (pop, canadian, country)
[214/890] James Brown — I Got You (I Feel Good) ... blues (american, blues, funk)
[215/890] Redbone — Come And Get Your Love ... rock (rock, pop, american)
[216/890] Cheap Trick — Dream Police ... rock (rock, hard rock, power pop)
[217/890] The String-A-Longs — Wheels ... other (—)
[218/890] Marvin Gaye — I Want You ... pop (pop, american, funk)
[219/890] The Supremes — Floy Joy ... disco_dance (aln-sh, disco, motown)
[220/890] The Everly Brothers — Bird Dog ... pop (pop, rockabilly, pop rock)
[221/890] Cheap Trick — Dream Police ... rock (rock, hard rock, power pop)
[222/890] Linda Ronstadt — When Will I Be Loved ... rock (rock, folk, american)
[223/890] Paul Anka — Let Me Get To Know You ... pop (pop, jazz, canadian)
[224/890] Elvis Presley — My Boy ... rock (rock, pop, american)
[225/890] The Robert Cray Band — Smoking Gun ... blues (blues, electric blues, classic pop and rock)
[226/890] The Fifth Dimension — Where Do You Wanna Go ... other (—)
[227/890] Kool and the Gang — Jungle Boogie ... disco_dance (electronic, jazz, fresh)
[228/890] Rolling Stones — Waiting On A Friend ... rock (rock, pop, blues)
[229/890] Rockwell — Somebody s Watching Me ... pop (pop, rock and indie)
[230/890] The Contours — Do You Love Me ... soul_r&b (soul, motown, doo-wop)
[231/890] Rita Coolidge — Your Love Has Lifted Me Higher ... pop (pop, american, singer-songwriter)
[232/890] Kenny Rogers — Through The Years ... pop (pop, american, country)
[233/890] Urban Dance Squad — Deeper Shade Of Soul ... hip_hop (hip hop, rap rock)
[234/890] The Commodores — Easy ... other (gold)
[235/890] Gladys Night & The Pips — If I Were Your Woman ... other (—)
[236/890] The Rolling Stones — Doo Doo Doo Doo Doo ... rock (rock, pop, blues)
[237/890] Freddy Fender — Living It Down ... pop (swamp pop, 2008 universal fire victim)
[238/890] Glen Campbell — Sunflower ... country (country, baroque pop, country pop)
[239/890] Tina Turner — The Best ... rock (rock, pop, american)
[240/890] Firehouse — Don t Treat Me Bad ... rock (acoustic rock, aor, hard rock)
[241/890] Bachman-Turner Overdrive — Roll On Down The Highway ... rock (rock, hard rock, classic rock)
[242/890] Marky Mark & The Funky Bunch — Good Vibrations ... pop (pop rap, dance pop, hip house)
[243/890] Sammy Hagar — I Can't Drive 55 ... rock (rock, pop, hard rock)
[244/890] Elton John — Philadelphia Freedom ... rock (rock, pop, british)
[245/890] Johnny Tillotson — I Rise, I Fall ... pop (pop, singer-songwriter, country)
[246/890] Brenda Lee — Dum Dum ... rock (rock, pop, american)
[247/890] Donna Fargo — Superman ... country (country, singer-songwriter, 2008 universal fire victim)
[248/890] The Cure — Just Like Heaven ... rock (rock, synthpop, pop)
[249/890] Ike & Tina Turner — I Want To Take You Higher ... rock (rock, blues, funk)
[250/890] George Harrison — This Song ... rock (rock, electronic, pop)
[251/890] Wednesday — Last Kiss ... rock (american, horror punk, horror/punk-rock)
[252/890] Santana — Evil Ways ... rock (rock, jazz, american)
[253/890] Chicago — Feelin' Stronger Every Day ... rock (rock, pop, jazz)
[254/890] Alan O'Day — Undercover Angel ... folk (singer-songwriter, 1970s, pop)
[255/890] The Buckinghams — Kind Of A Drag ... pop (baroque pop, psychedelic pop, pop rock)
[256/890] Neneh Cherry — Kisses On The Wind ... pop (pop, singer-songwriter, european)
[257/890] Brenda Lee — Losing You ... rock (rock, pop, american)
[258/890] Kenny Rogers — Scarlet Fever ... pop (pop, american, country)
[259/890] Ann Peebles — I Can't Stand The Rain ... soul_r&b (soul, rock and indie)
[260/890] Digital Underground — The Humpty Dance ... rock (alternative hip hop, rock and indie, west coast hip hop)
[261/890] Gladys Knight & The Pips — Best Thing That Ever Happened To Me ... soul_r&b (soul, quiet storm, motown)
[262/890] Focus — Hocus Pocus ... rock (rock, progressive rock, dutch)
[263/890] Pet Shop Boys — Where The Streets Have No Names ... disco_dance (electronic, synthpop, pop)
[264/890] Donovan — Sunshine Superman ... rock (rock, pop, scottish)
[265/890] Sting — If you love somebody set them free ... rock (rock, classical, pop)
[266/890] Wilson Phillips — Hold On ... pop (pop, american, soft rock)
[267/890] Elvis Presley — I Really Don't Want To Know ... rock (rock, pop, american)
[268/890] Rolling Stones — Time Is On My Side ... rock (rock, pop, blues)
[269/890] General Public — Tenderness ... rock (new wave)
[270/890] Candi Staton — Young Hearts Run Free ... disco_dance (disco, r&b, funk)
[271/890] The Isley Brothers — It's Your Thing ... rock (rock, american, funk)
[272/890] Genesis — Misunderstanding ... rock (rock, pop, progressive rock)
[273/890] Jackson Browne — Here Come Those Tears Again ... rock (rock, folk, singer-songwriter)
[274/890] Peggy Lee — Fever ... pop (pop, jazz, american)
[275/890] Janis Joplin — Kozmic Blues ... rock (rock, folk, american)
[276/890] Elvis Presley — One Night ... rock (rock, pop, american)
[277/890] Shirley Brown — Woman To Woman ... soul_r&b (rhythm and blues)
[278/890] Cyndi Lauper — The Goonies `R Good Enough ... rock (rock, synthpop, pop)
[279/890] J. Frank Wilson & The Cavaliers — Last Kiss ... jazz (jazz)
[280/890] Aretha Franklin — I Never Loved A Man ... rock (rock, pop, jazz)
[281/890] The Crystals — He's A Rebel ... pop (pop, girl group, brill building)
[282/890] Pure Prairie League — Amie ... rock (country rock, soft rock, alternative country)
[283/890] Gino Vannelli — Wild Horses ... jazz (jazz, funk, soft rock)
[284/890] Johnny Tillotson — Jimmy's Girl ... pop (pop, singer-songwriter, country)
[285/890] Harry Chapin — Sunday Morning Sunshine ... folk (folk, american, singer-songwriter)
[286/890] The Rembrandts — Someone ... pop (power pop, pop and chart)
[287/890] David Bowie — Golden Years ... rock (rock, electronic, pop)
[288/890] Joni Mitchell — (You're So Square) Baby, I Don't Care ... rock (rock, pop, jazz)
[289/890] Aretha Franklin — Chain Of Fools ... rock (rock, pop, jazz)
[290/890] George Harrison — Blow Away ... rock (rock, electronic, pop)
[291/890] The Who — Pinball Wizard ... rock (rock, british, uk)
[292/890] LaVern Baker — See See Rider ... jazz (vocal jazz, r&b)
[293/890] Bruce Springsteen — I m Goin Down ... rock (rock, folk, cotm)
[294/890] The Beach Boys — Bluebirds Over The Mountain ... rock (rock, pop, american)
[295/890] Ocean — Put Your Hand In The Hand ... pop (pop, british, uk)
[296/890] Huey Lewis & The News — I Want a New Drug ... rock (classic pop and rock, fixme, fixme recordings merge)
[297/890] The Osmonds — One Bad Apple ... pop (pop, hard rock, country)
[298/890] The 5th Dimension — If I Could Reach You ... rock (classic pop and rock, vocal group, sunshine pop)
[299/890] Dion — Where Or When ... pop (pop, french, canadian)
[300/890] Dion — Ruby Baby ... pop (pop, french, canadian)
[301/890] Depeche Mode — World In My Eyes ... disco_dance (electronic, downtempo, synthpop)
[302/890] The Kinks — Better Things ... rock (rock, pop, british)
[303/890] Elvis Presley — I Really Don't Want To Know ... rock (rock, pop, american)
[304/890] Chicago — Old Days ... rock (rock, pop, jazz)
[305/890] John Denver — Back Home Again ... rock (rock, pop, folk)
[306/890] The Pointer Sisters — Jump (for My Love) ... pop (pop, funk, soul)
[307/890] Rick Springfield — Jessie's Girl ... rock (new wave, pop rock, synth-pop)
[308/890] Crosby Stills and Nash — Got It Made ... folk (singer-songwriter, adult contemporary, classic pop and rock)
[309/890] Billy Squier — Don't Say You Love Me ... rock (rock, american, hard rock)
[310/890] Roberta Flack — Feel Like Making Love ... pop (pop, jazz, folk)
[311/890] Jimmy Smith — Walk On The Wild Side (Part 1) ... jazz (jazz, soul, jazz fusion)
[312/890] Paul McCartney — With a Little Luck ... rock (rock, classical, synthpop)
[313/890] Rolling Stones — Not Fade Away ... rock (rock, pop, blues)
[314/890] Robert Palmer — Addicted to Love ... rock (rock, synthpop, pop)
[315/890] The Drifters — On Broadway ... pop (pop, american, soul)
[316/890] John Denver — Seasons Of The Heart ... rock (rock, pop, folk)
[317/890] Billy Idol — Flesh For Fantasy ... rock (rock, electronic, punk)
[318/890] Sammy Hagar — Give To Live ... rock (rock, pop, hard rock)
[319/890] The Music Explosion — Little Bit O' Soul ... rock (rock, garage rock, r&b)
[320/890] The Temptations — Ain't Too Proud To Beg ... pop (pop, american, funk)
[321/890] Corey Hart — In Your Soul ... pop (pop, new wave, synth-pop)
[322/890] Brenda Lee — As Usual ... rock (rock, pop, american)
[323/890] Kenny Rogers — Sweet Music Man ... pop (pop, american, country)
[324/890] The Beatles — Come Together ... rock (rock, pop, progressive rock)
[325/890] The Cowsills — Silver Threads And Golden Needles ... pop (pop, psychedelic pop, rock and roll)
[326/890] Anne Murray — Daydream Believer ... pop (pop, canadian, country)
[327/890] Color Me Badd — I Adore Mi Amor ... jazz (new jack swing, boy band, pop soul)
[328/890] The Hollies — Carrie-Anne ... rock (rock, pop, british)
[329/890] J. Geils Band — One Last Kiss ... rock (rock and indie, blues rock, rock)
[330/890] The Beach Boys — Wendy ... rock (rock, pop, american)
[331/890] Rick James — Give It To Me Baby ... rock (rock, funk, soul)
[332/890] The Miracles — Baby, Baby Don't Cry ... pop (pop, soul, disco)
[333/890] Evelyn "Champagne" King — I'm In Love ... soul_r&b (soul, disco, boogie)
[334/890] Dr. John — Right Place Wrong Time ... jazz (jazz, folk, blues)
[335/890] Brenda Lee — Heart in Hand ... rock (rock, pop, american)
[336/890] Hall and Oates — Rich Girl ... other (—)
[337/890] James Brown — My Thang ... blues (american, blues, funk)
[338/890] Police — Don't stand so close to me ... rock (rock, alternative rock, punk)
[339/890] Kenny Rogers — I Don't Need You ... pop (pop, american, country)
[340/890] The Staple Singers — City In The Sky ... rock (rock and indie, jazz, r&b)
[341/890] Johnny Horton — The Battle Of New Orleans ... folk (american, singer-songwriter, rockabilly)
[342/890] Donna Summer — Last Dance ... rock (rock, electronic, pop)
[343/890] Otis Redding — I've Been Loving You Too Long (To Stop Now) ... rock (rock, american, blues)
[344/890] Marky Mark & The Funky Bunch — Good Vibrations ... pop (pop rap, dance pop, hip house)
[345/890] Steve Miller Band — The Joker ... rock (rock and indie, pop/rock, pop rock)
[346/890] Engelbert Humperdinck — After the Lovin' ... pop (pop, american, british)
[347/890] Commodores — Still ... pop (pop, funk, soul)
[348/890] Elvis Presley — For Ol' Times Sake ... rock (rock, pop, american)
[349/890] B.B. King — How Blue Can You Get ... blues (blues, soul, blues rock)
[350/890] Bertha Tillman — Oh My Angel ... other (—)
[351/890] The Rolling Stones — Going To A Go-Go ... rock (rock, pop, blues)
[352/890] Etta James — Fool That I Am ... blues (favoritos, blues, jazz)
[353/890] Nat King Cole — Those Lazy-Hazy-Crazy Days Of Summer ... soul_r&b (r&b, pop, american)
[354/890] George Harrison — Years Ago ... rock (rock, electronic, pop)
[355/890] Crosby, Stills & Nash — Suite: Judy Blue Eyes ... folk (singer-songwriter, adult contemporary, classic pop and rock)
[356/890] Digital Underground — The Humpty Dance ... rock (alternative hip hop, rock and indie, west coast hip hop)
[357/890] Candi Staton — Young Hearts Run Free ... disco_dance (disco, r&b, funk)
[358/890] Tina Turner — Private Dancer ... rock (rock, pop, american)
[359/890] Led Zeppelin — Trampled Under Foot ... rock (rock, progressive rock, heavy metal)
[360/890] Pet Shop Boys — Love Comes Quickly ... disco_dance (electronic, synthpop, pop)
[361/890] Tommy James — Crystal Blue Persuasion ... rock (psychedelic rock, psychedelic pop, pop rock)
[362/890] Tracie Spencer — This House ... soul_r&b (soul, dance-pop, quiet storm)
[363/890] Kate Bush — Running Up That Hill ... rock (rock, synthpop, pop)
[364/890] James Brown — Baby You're Right ... blues (american, blues, funk)
[365/890] R Dean Tayloy — Indiana Wants Me ... other (—)
[366/890] Cheap Trick — Stop This Game ... rock (rock, hard rock, power pop)
[367/890] Billy Preston — With You I'm Born Again ... soul_r&b (funk, soul, gospel)
[368/890] Wham! — Wake Me Up Before You Go-Go ... pop (synthpop, pop, british)
[369/890] Elvis Presley — If I Can Dream ... rock (rock, pop, american)
[370/890] Jackson Browne — Redneck Friend ... rock (rock, folk, singer-songwriter)
[371/890] The Trammps — Disco Inferno ... soul_r&b (soul, disco, classic pop and rock)
[372/890] Michael Johnson — Almost by Being In Love ... folk (folk, country, folk rock)
[373/890] Swingin' Medallions — Double Shot (Of My Baby's Love) ... pop (pop, beach, rock)
[374/890] Peaches and Herb — Shake Your Groove Thing ... other (2008 universal fire victim)
[375/890] Patrick Hernandez — Born To Be Alive ... pop (pop, easy listening, disco)
[376/890] Michael Sembello — Maniac ... pop (pop, synth-pop, pop rock)
[377/890] The Moments — Walk Right In ... pop (pop)
[378/890] Cheap Trick — Surrender ... rock (rock, hard rock, power pop)
[379/890] Dolly Parton — Baby I'm Burnin' ... pop (pop, folk, american)
[380/890] Simon & Garfunkel — Cecilia ... rock (rock, pop, folk)
[381/890] Jackson Browne — Boulevard ... rock (rock, folk, singer-songwriter)
[382/890] Etta James — Fool That I Am ... blues (favoritos, blues, jazz)
[383/890] Elvis Presley — Judy ... rock (rock, pop, american)
[384/890] Roxette — The Look ... rock (rock, pop, swedish)
[385/890] Roxy — Dance Away ... rock (glam rock, new wave, progressive rock)
[386/890] Dave Dudley — Six Days On The Road ... country (american, country)
[387/890] Gary U.S. Bonds — Quarter To Three ... rock (rock & roll)
[388/890] Baltimora — Tarzan Boy (From "Teenage Mutant Ninja Turtles III") ... pop (pop, new wave, europop)
[389/890] Al Green — Oh Me, Oh My (Dreams In My Arms) ... soul_r&b (soul, 1980s, 1970s)
[390/890] Chicago — Along Comes A Woman ... rock (rock, pop, jazz)
[391/890] Canned Heat — Let's work Together ... rock (rock, american, blues)
[392/890] Anita Baker — Giving You the Best That I Got ... disco_dance (electronic, jazz, american)
[393/890] The Yardbirds — Heart Full of Soul ... rock (rock, british, uk)
[394/890] The Falcons — I Found A Love ... other (2008 universal fire victim)
[395/890] The Miracles — I Don't Blame You At All ... pop (pop, soul, disco)
[396/890] Ben E. King — Amor ... pop (pop, funk, soul)
[397/890] Clarence Carter — Too Weak To Fight ... folk (singer-songwriter, soul, r&b)
[398/890] The Righteous Brothers — Unchained Melody ... pop (pop, blue-eyed soul, brill building)
[399/890] Queen — We Are The Champions ... rock (rock, pop, progressive rock)
[400/890] Crosby, Stills & Nash — Southern Cross ... folk (singer-songwriter, adult contemporary, classic pop and rock)
[401/890] Chico DeBarge — Talk to me ... soul_r&b (soul)
[402/890] Eagles — The Long Run ... rock (classic pop and rock, pop/rock, american)
[403/890] Duran Duran — All she wants is ... rock (rock, electronic, synthpop)
[404/890] Yaz — Situation ... other (—)
[405/890] Gladys Knight & The Pips — Letter Full of Tears ... soul_r&b (soul, quiet storm, motown)
[406/890] Rolling Stones — Time Is On My Side ... rock (rock, pop, blues)
[407/890] Irma Thomas — Wish Someone Would Care ... soul_r&b (soul, southern soul, classic pop and rock)
[408/890] Alice Cooper — Hey Stoopid ... rock (rock, heavy metal, new wave)
[409/890] Baltimora — Tarzan Boy (From "Teenage Mutant Ninja Turtles III") ... pop (pop, new wave, europop)
[410/890] Billy Swan — I Can Help ... pop (pop, country, country pop)
[411/890] Santo & Johnny — Sleep Walk ... rock (american, easy listening, instrumental rock)
[412/890] B.B. King — The Thrill Is Gone ... blues (blues, soul, blues rock)
[413/890] Tom D Hall — I Love ... other (—)
[414/890] Carl Carlton — Everlasting Love ... pop (pop, funk, soul)
[415/890] Quarterflash — Harden My Heart ... rock (rock, new wave, 2008 universal fire victim)
[416/890] Kiss — Rocket Ride ... rock (rock, heavy metal, metal)
[417/890] Sly And The Family Stone — I want to take you higher ... rock (rock, funk, soul)
[418/890] Nick Gilder — Hot Child in the City ... rock (rock)
[419/890] Mrs. Robinson — Simon & Garfunkel ... other (—)
[420/890] Elvis Presley — His Latest Flame ... rock (rock, pop, american)
[421/890] Dean Martin — Everybody Loves Somebody ... pop (pop, american, easy listening)
[422/890] Marvin Gaye & Tammy Terrell — If I Could Build My Whole World Around You ... other (—)
[423/890] Rod Stewart — Twisting the Night Away ... rock (rock, pop, british)
[424/890] Ray Parker Jr — Ghostbusters Theme ... pop (pop, pop and chart, ray parker jr)
[425/890] Glen Campbell — It's Only Make Believe ... country (country, baroque pop, country pop)
[426/890] Stevie Wonder — Higher Ground ... pop (pop, funk, vegan)
[427/890] Bonnie Raitt — Nick of Time ... rock (rock, folk, singer-songwriter)
[428/890] Wilson Phillips — Hold On ... pop (pop, american, soft rock)
[429/890] Michael Jackson — Beat It ... rock (rock, pop, american)
[430/890] Stevie Wonder — If You really love me ... pop (pop, funk, vegan)
[431/890] Daryl Hall & John Oates — Maneater ... pop (pop, new wave, soft rock)
[432/890] Beastie Boys — Brass Monkey ... rock (rock, alternative rock, rap)
[433/890] Jan & Dean — Little Old Lady From Pasadena ... rock (rock, surf rock, baroque pop)
[434/890] Engelbert Humperdinck — After the Lovin' ... pop (pop, american, british)
[435/890] Michael Jackson — Human Nature ... rock (rock, pop, american)
[436/890] Johnny Tillotson — Out Of My Mind ... pop (pop, singer-songwriter, country)
[437/890] James Brown — Think ... blues (american, blues, funk)
[438/890] The Music Machine — The People In Me ... rock (psychedelic rock, garage rock, rock and indie)
[439/890] Otis Redding — (Sittin' On) The Dock Of The Bay ... rock (rock, american, blues)
[440/890] Anita Baker — Caught Up In The Rapture ... disco_dance (electronic, jazz, american)
[441/890] Pet Shop Boys — What Have I Done To Deserve This? ... disco_dance (electronic, synthpop, pop)
[442/890] The Supremes — Stoned Love ... disco_dance (aln-sh, disco, motown)
[443/890] Louis Armstrong — Hello Dolly ... pop (pop, jazz, american)
[444/890] The Weather Girls — It's Raining Men ... soul_r&b (soul, disco, dance-pop)
[445/890] Soft Cell — Tainted Love ... disco_dance (electronic, synthpop, british)
[446/890] Eric Carmen — Sunrise ... pop (pop, singer-songwriter, ballad)
[447/890] Dr. Hook — Years From Now ... rock (country rock, soft rock, pop)
[448/890] Corey Hart — In Your Soul ... pop (pop, new wave, synth-pop)
[449/890] Elvis Presley — Ask Me ... rock (rock, pop, american)
[450/890] Quarterflash — Harden My Heart ... rock (rock, new wave, 2008 universal fire victim)
[451/890] Heart — There's the Girl ... rock (rock, pop, hard rock)
[452/890] The J. Geils Band — Looking For A Love ... rock (rock and indie, blues rock, rock)
[453/890] Pointer Sisters — He's so shy ... pop (pop, funk, soul)
[454/890] The J. Geils Band — Looking For A Love ... rock (rock and indie, blues rock, rock)
[455/890] Joni Mitchell — Big Yellow Taxi ... rock (rock, pop, jazz)
[456/890] Roger Miller — You Can't Roller Skate In A Buffalo Herd ... country (country, country pop, honky tonk)
[457/890] Queensryche — Silent Lucidity ... rock (heavy metal, progressive metal, metal)
[458/890] The Kendalls — Heaven's Just A Sin Away ... other (—)
[459/890] Jackie Wilson — Baby Workout ... soul_r&b (r&b, aln-sh, traditional pop)
[460/890] The Fireballs — Sugar Shack ... rock (instrumental rock, rock and roll, surf rock)
[461/890] Joe Cocker — With A Little Help From My Friends ... rock (rock, pop, blues)
[462/890] Wilson Pickett — Don't Knock My Love - Pt. 1 ... soul_r&b (hey joe, soul and reggae, soul)
[463/890] Otis Redding — Chained And Bound ... rock (rock, american, blues)
[464/890] George Harrison — Years Ago ... rock (rock, electronic, pop)
[465/890] U2 — With Or Without You ... rock (political, rock, electronic)
[466/890] Looking Glass — Brandy ... rock (pop rock, soft rock)
[467/890] Stevie Wonder — That Girl ... pop (pop, funk, vegan)
[468/890] Chicago — Feelin' Stronger Every Day ... rock (rock, pop, jazz)
[469/890] Queensryche — Silent Lucidity ... rock (heavy metal, progressive metal, metal)
[470/890] INXS — Need You Tonight ... rock (rock, pop, alternative rock)
[471/890] Canned Heat — On The Road Again ... rock (rock, american, blues)
[472/890] Jan & Dean — The Anaheim, Azusa & Cucamonga Sewing Circle, Book Review And Timing Association ... rock (rock, surf rock, baroque pop)
[473/890] Juice Newton — Queen Of Hearts ... country (country)
[474/890] The Neville Brothers — Tell It Like It Is ... other (2008 universal fire victim)
[475/890] Rita Coolidge — Fever ... pop (pop, american, singer-songwriter)
[476/890] Jackson Browne — Boulevard ... rock (rock, folk, singer-songwriter)
[477/890] Brenda Lee — Too Many Rivers ... rock (rock, pop, american)
[478/890] Jeff Beck — People Get Ready ... rock (rock, hard rock, rockabilly)
[479/890] Bachman-Turner Overdrive — Heartaches ... rock (rock, hard rock, classic rock)
[480/890] Chicago — Does Anybody Really Know What Time It Is ... rock (rock, pop, jazz)
[481/890] Billy Idol — White Wedding ... rock (rock, electronic, punk)
[482/890] Gladys Knight & The Pips — Baby Don't Change Your Mind ... soul_r&b (soul, quiet storm, motown)
[483/890] Jethro Tull — Living In The Past ... rock (rock, progressive rock, folk)
[484/890] Rod Bernard — This Should Go On Forever ... pop (swamp pop)
[485/890] Daryl Hall & John Oates — Sara Smile ... pop (pop, new wave, soft rock)
[486/890] Anita Baker — Caught Up In The Rapture ... disco_dance (electronic, jazz, american)
[487/890] John Denver — Some Days Are Diamonds (Some Days Are Stone) ... rock (rock, pop, folk)
[488/890] Jerry Reed — Ko-Ko Joe ... country (country, singer-songwriter)
[489/890] Commodores — Lady (You Bring Me Up) ... pop (pop, funk, soul)
[490/890] John Denver — Rocky Mountain High ... rock (rock, pop, folk)
[491/890] Little River Band — Help Is On The Way ... rock (jefferson airplane, rock, 2008 universal fire victim)
[492/890] Dinah Washington — Where Are You ... soul_r&b (r&b, rnb, american)
[493/890] Badfinger — Maybe Tomorrow ... pop (british, uk, power pop)
[494/890] Ray Price — For The Good Times ... folk (singer-songwriter, country)
[495/890] Etta James — Would It Make Any Difference To You ... blues (favoritos, blues, jazz)
[496/890] The Beatles — Eight Days A Week ... rock (rock, pop, progressive rock)
[497/890] Neil Sedaka — Breaking Up Is Hard To Do ... pop (pop, songwriter, soft rock)
[498/890] Psychedelic Furs — Pretty In Pink ... rock (rock, synthpop, alternative rock)
[499/890] Elvis Presley — His Latest Flame ... rock (rock, pop, american)
[500/890] Kenny Rogers — Lucille ... pop (pop, american, country)
[501/890] The Everly Brothers — Bird Dog ... pop (pop, rockabilly, pop rock)
[502/890] Dean Martin — I Will ... pop (pop, american, easy listening)
[503/890] Earth Wind and Fire — Getaway ... pop (pop, jazz, dance)
[504/890] Stevie Wonder — Do I Do ... pop (pop, funk, vegan)
[505/890] Andy Gibb — Shadow Dancing ... pop (pop, disco, classic pop and rock)
[506/890] Cliff Richard — Living Doll ... rock (rock, pop, british)
[507/890] Pat Benatar — Love Is A Battlefield ... rock (rock, pop, new wave)
[508/890] Snap — The Power ... disco_dance (electronic, 90s, german)
[509/890] Blondie — One Way or Another ... rock (rock, pop, punk)
[510/890] Louis Prima & Keely Smith — That Old Black Magic ... other (—)
[511/890] Tracy Chapman — Baby Can I Hold You ... rock (rock, pop, folk)
[512/890] Ray Charles — Crying Time ... pop (pop, jazz, american)
[513/890] Led Zepplin — Dyer Maker ... other (—)
[514/890] Ten Years After — I'd Love To Change The World ... rock (rock, progressive rock, british)
[515/890] Elton John — Levon ... rock (rock, pop, british)
[516/890] Brownsville station — Smokin' In The Boys Room ... rock (boogie rock, hard rock, rock)
[517/890] Depeche Mode — World In My Eyes ... disco_dance (electronic, downtempo, synthpop)
[518/890] Jimmy Buffett — Come Monday ... rock (rock, pop, american)
[519/890] Flatt & Scruggs — Foggy Mountain Breakdown ... other (—)
[520/890] Dr. Hook — Walk Right In ... rock (country rock, soft rock, pop)
[521/890] Grand Funk Railroad — Walk Like A Man ... rock (boogie rock, classic rock, rock)
[522/890] Clarence Carter — Too Weak To Fight ... folk (singer-songwriter, soul, r&b)
[523/890] Elvis Presley — Ask Me ... rock (rock, pop, american)
[524/890] Paper Lace — The Night Chicago Died ... rock (uk, british, english)
[525/890] Stevie Wonder — That Girl ... pop (pop, funk, vegan)
[526/890] Cyndi Lauper — All Through The Night ... rock (rock, synthpop, pop)
[527/890] The Cowsills — Hair ... pop (pop, psychedelic pop, rock and roll)
[528/890] Paul McCartney — Press ... rock (rock, classical, synthpop)
[529/890] Fats Domino — I Want To Walk You Home ... rock (rock, american, blues)
[530/890] Marc Cohn — Walking In Memphis ... folk (folk, soft rock)
[531/890] Chicago — Along Comes A Woman ... rock (rock, pop, jazz)
[532/890] Fontella Bass — Rescue Me ... soul_r&b (soul, avant-garde jazz, classic pop and rock)
[533/890] Charlie Rich — A Very Special Love Song ... jazz (jazz, country pop, soul)
[534/890] Rolling Stones — Time Is On My Side ... rock (rock, pop, blues)
[535/890] The Drifters — On Broadway ... pop (pop, american, soul)
[536/890] Stevie B — Because I Love You ... disco_dance (electronic, contemporary r&b, pop)
[537/890] Nick Gilder — Hot Child in the City ... rock (rock)
[538/890] The Righteous Brothers — Soul And Inspiration ... pop (pop, blue-eyed soul, brill building)
[539/890] Johnny Cash — The Ways Of A Woman In Love ... rock (rock, folk, american)
[540/890] Floyd Cramer — Last Date ... country (easy listening, country, nashville sound)
[541/890] Bruce Channel — Hey Baby ... other (—)
[542/890] Brenda Lee — Everybody Loves Me but You ... rock (rock, pop, american)
[543/890] Eric Carmen — Hungry Eyes ... pop (pop, singer-songwriter, ballad)
[544/890] Chuck Berry — Almost Grown ... rock (rock, jazz, american)
[545/890] Elvis Presley — My Way ... rock (rock, pop, american)
[546/890] Billy Idol — Catch My Fall ... rock (rock, electronic, punk)
[547/890] Marvin Gaye — I Want You ... pop (pop, american, funk)
[548/890] Barry White — You're The First, The Last, My Everything ... pop (pop, 70s, american)
[549/890] Teddy Pendergrass — I Don't Love You Anymore ... soul_r&b (soul, quiet storm, classic pop and rock)
[550/890] The Allman Brothers — Straight From The Heart ... rock (classic rock, jam, instrumental rock)
[551/890] Heart — Magic Man ... rock (rock, pop, hard rock)
[552/890] Waylon Jennings — Theme From The Dukes Of Hazzard ... country (american, country, country rock)
[553/890] Cyndi Lauper — True Colors ... rock (rock, synthpop, pop)
[554/890] Earth, Wind & Fire — September ... pop (pop, jazz, dance)
[555/890] Jimmy Clanton — Just A Dream ... rock (rock and roll, swamp pop)
[556/890] Rita Coolidge — We're All Alone ... pop (pop, american, singer-songwriter)
[557/890] Meat Loaf — You Took The Words Right Out Of My Mouth ... rock (rock, progressive rock, american)
[558/890] The Everly Brothers — On The Wings Of A Nightingale ... pop (pop, rockabilly, pop rock)
[559/890] Poison — Unskinny Bop ... rock (rock, pop, heavy metal)
[560/890] Jermaine Jackson — Let's Get Serious ... pop (pop, soul, classic pop and rock)
[561/890] Rick James — Super Freak Part One ... rock (rock, funk, soul)
[562/890] Leslie Gore — California Nights ... other (—)
[563/890] Marty Robbins — Big Iron ... country (70s, 80s, american)
[564/890] Dion — Where Or When ... pop (pop, french, canadian)
[565/890] David Bowie — Blue Jean ... rock (rock, electronic, pop)
[566/890] Marvin Gaye — Mercy Mercy Me (The Ecology) ... pop (pop, american, funk)
[567/890] Cher — Just Like Jesse James ... rock (rock, pop, folk)
[568/890] LaVern Baker — I Cried A Tear ... jazz (vocal jazz, r&b)
[569/890] Bill Withers — Lovely Day ... soul_r&b (funk, soul, 1970s)
[570/890] Paul Simon — 50 Ways To Leave Your Lover ... rock (rock, pop, folk)
[571/890] Biz Markie — Just A Friend ... hip_hop (hip-hop, hip hop, pop rap)
[572/890] The Amboy Dukes — Journey To The Center Of The Mind ... rock (psychedelic rock, acid rock, garage rock)
[573/890] Bob Seger & The Silver Bullet Band — Trying To Live My Life Without You ... rock (pop rock, folk rock, heartland rock)
[574/890] Dr. Hook — Sexy Eyes ... rock (country rock, soft rock, pop)
[575/890] Kenny Rogers — Through The Years ... pop (pop, american, country)
[576/890] Paul Simon — You Can Call Me Al ... rock (rock, pop, folk)
[577/890] Oliver — Good Morning Starshine ... other (—)
[578/890] Anita Baker — Sweet Love ... disco_dance (electronic, jazz, american)
[579/890] The Beach Boys — Surfin' Safari ... rock (rock, pop, american)
[580/890] Linda Ronstadt — When Will I Be Loved ... rock (rock, folk, american)
[581/890] Steppenwolf — Born To Be Wild ... rock (rock, hard rock, psychedelic rock)
[582/890] Elton John — Goodbye Yellow Brick Road ... rock (rock, pop, british)
[583/890] Cher — If I Could Turn Back Time ... rock (rock, pop, folk)
[584/890] Talking Heads — Burning Down The House ... rock (rock, alternative rock, 80s)
[585/890] George Harrison — I Got My Mind Set On You ... rock (rock, electronic, pop)
[586/890] Roxy — Dance Away ... rock (glam rock, new wave, progressive rock)
[587/890] Bread — Sweet Surrender ... rock (classic pop and rock, pop rock, yacht rock)
[588/890] The Castaways — Liar, Liar ... rock (rock and indie)
[589/890] The Contours — Do You Love Me ... soul_r&b (soul, motown, doo-wop)
[590/890] The Pointer Sisters — Jump (for My Love) ... pop (pop, funk, soul)
[591/890] Creedence Clearwater Revival — Bad Moon Rising ... rock (rock, american, 60s)
[592/890] The Beatles — I Saw Her Standing There ... rock (rock, pop, progressive rock)
[593/890] Hi-Five — I Like The Way (The Kissing Game) ... jazz (new jack swing, contemporary r&b)
[594/890] James Brown — Get Up (I Feel Like Being Like A) Sex Machine (Part 1) ... blues (american, blues, funk)
[595/890] Nitty Gritty Dirt Band — Make A Little Magic ... folk (folk, bluegrass, country)
[596/890] Judas Priest — You've Got Another Thing Comin' ... rock (heavy metal, metal, british)
[597/890] The String-A-Longs — Wheels ... other (instrumental)
[598/890] Oak Ridge Boys — Elvira ... pop (pop, country, southern gospel)
[599/890] Rick Springfield — Don't Talk To Strangers ... rock (new wave, pop rock, synth-pop)
[600/890] Talking Heads — And She Was ... rock (rock, alternative rock, 80s)
[601/890] Freddy Fender — Secret Love ... pop (swamp pop, 2008 universal fire victim)
[602/890] Johnny Horton — The Battle Of New Orleans ... folk (american, singer-songwriter, rockabilly)
[603/890] Donna Fargo — Superman ... country (country, singer-songwriter, 2008 universal fire victim)
[604/890] Elvis Presley — She Thinks I Still Care ... rock (rock, pop, american)
[605/890] Run-D.M.C. — Walk This Way ... jazz (new jack swing, old school hip hop, hip-hop)
[606/890] Police — Don't stand so close to me ... rock (rock, alternative rock, punk)
[607/890] Rockwell — Somebody s Watching Me ... pop (pop, rock and indie)
[608/890] Metallica — One ... rock (political, rock, alternative rock)
[609/890] UB40 — The Way You Do The Things You Do ... pop (pop, british, uk)
[610/890] Wang Chung — Dance Hall Days ... rock (rock, synthpop, pop)
[611/890] De La Soul — Me Myself And I ... hip_hop (american, hip-hop, hip hop)
[612/890] Gladys Knight & The Pips — Baby Don't Change Your Mind ... soul_r&b (soul, quiet storm, motown)
[613/890] Steve Winwood — Don t You Know What The Night Can Do ... rock (rock, synthpop, pop)
[614/890] Ray Charles — Let's Go Get Stoned ... pop (pop, jazz, american)
[615/890] The Who — Happy Jack ... rock (rock, british, uk)
[616/890] Edwin Starr — War ... soul_r&b (funk, soul, disco)
[617/890] Abba — On And On And On ... rock (rock, electronic, synthpop)
[618/890] Todd Rundgren — A Dream Goes On Forever ... rock (rock, electronic, pop)
[619/890] Leslie Gore — California Nights ... other (—)
[620/890] Eric Clapton — I Can't Stand It ... rock (rock, pop, blues)
[621/890] The Temptations — I Wish It Would Rain ... pop (pop, american, funk)
[622/890] James Taylor — Country Road ... rock (rock, folk, american)
[623/890] ABBA — Honey Honey ... rock (rock, electronic, synthpop)
[624/890] The Ronettes — Be My Baby ... pop (pop, american, phil spector)
[625/890] The Kinks — Till The End Of The Day ... rock (rock, pop, british)
[626/890] Crosby, Stills & Nash — Teach Your Children ... folk (singer-songwriter, adult contemporary, classic pop and rock)
[627/890] Neneh Cherry — Kisses On The Wind ... pop (pop, singer-songwriter, european)
[628/890] REO Speedwagon — Time For Me To Fly ... rock (rock, hard rock, classic rock)
[629/890] Wilson Phillips — Hold On ... pop (pop, american, soft rock)
[630/890] Milli Vanilli — Girl You Know It s True ... pop (pop, dance-pop, classic pop and rock)
[631/890] Dr. Hook — If Not You ... rock (country rock, soft rock, pop)
[632/890] Bobby Womack — Sweet Caroline (Good Times Never Seemed So Good) ... soul_r&b (funk, southern soul, classic pop and rock)
[633/890] Eric Clapton — Promises ... rock (rock, pop, blues)
[634/890] Anne Murray — A Love Song ... pop (pop, canadian, country)
[635/890] Billy Idol — Hot In The City ... rock (rock, electronic, punk)
[636/890] Elvis Presley — Judy ... rock (rock, pop, american)
[637/890] The Ritchie Family — The Best Disco In Town ... disco_dance (dance classics)
[638/890] The Ventures — Perfidia ... rock (american, pop rock, surf rock)
[639/890] Little Anthony & The Imperials — Out Of Sight, Out Of Mind ... rock (classic pop and rock)
[640/890] Tommy James — Mony Mony ... rock (psychedelic rock, psychedelic pop, pop rock)
[641/890] Rock And Hyde — Dirty Water ... other (—)
[642/890] Cornelius Brothers & Sister Rose — Treat Her Like A Lady ... soul_r&b (soul)
[643/890] Ray Charles — Eleanor Rigby ... pop (pop, jazz, american)
[644/890] The Box Tops — Cry Like A Baby ... rock (rock, pop, pop rock)
[645/890] Roberta Flack — Feel Like Making Love ... pop (pop, jazz, folk)
[646/890] Bob Seger — Like A Rock ... rock (classic rock heartland rock rock and roll, classic pop and rock, rock)
[647/890] Wilson Pickett — I Found A True Love ... soul_r&b (hey joe, soul and reggae, soul)
[648/890] Dolly Parton — Starting Over Again ... pop (pop, folk, american)
[649/890] The Doors — Riders On The Storm ... rock (rock, pop, american)
[650/890] The Miracles — I Second That Emotion ... pop (pop, soul, disco)
[651/890] Simon & Garfunkel — Fakin it ... rock (rock, pop, folk)
[652/890] Chubby Checker — The Twist ... rock (rock, pop, rock and roll)
[653/890] Sonny & Cher — All I Ever Need Is You ... rock (classic pop and rock, sunshine pop, folk pop)
[654/890] Boston — Feelin' Satisfied ... rock (rock, progressive rock, heavy metal)
[655/890] LaVern Baker — I Cried A Tear ... jazz (vocal jazz, r&b)
[656/890] The Allan Parsons Project — Eye In The Sky ... other (—)
[657/890] The Rolling Stones — Miss You ... rock (rock, pop, blues)
[658/890] Abba — Take A Chance On Me ... rock (rock, electronic, synthpop)
[659/890] Billy Squier — The Stroke ... rock (rock, american, hard rock)
[660/890] The Sopwith Camel — Hello Hello ... other (—)
[661/890] Arthur Conley — Sweet Soul Music ... rock (classic pop and rock, soul)
[662/890] George Benson — Breezin' ... jazz (jazz, american, rnb)
[663/890] Brenda Lee — Coming On Strong ... rock (rock, pop, american)
[664/890] Billy Joel — Don't Ask Me Why ... rock (rock, classical, pop)
[665/890] David Bowie — Modern Love ... rock (rock, electronic, pop)
[666/890] Pat Benatar — Little Too Late ... rock (rock, pop, new wave)
[667/890] The Beach Boys — Kokomo (From The Cocktail Soundtrack) ... rock (rock, pop, american)
[668/890] Isaac Hayes — The Look Of Love ... soul_r&b (american, funk, soul)
[669/890] Culture Club — Karma Chameleon ... pop (pop, british, new wave)
[670/890] Bananarama — Venus ... disco_dance (electronic, synthpop, pop)
[671/890] Natalie Cole — Unforgettable ... pop (pop, soul, quiet storm)
[672/890] Barbara Lewis — Hello Stranger ... pop (pop-soul)
[673/890] The Jacksons — Dancing Machine ... pop (pop, funk, soul)
[674/890] Leo Sayer — You Make Me Feel Like Dancing ... disco_dance (british, uk, disco)
[675/890] Dolly Parton — Baby I'm Burnin' ... pop (pop, folk, american)
[676/890] Bread — If ... rock (classic pop and rock, pop rock, yacht rock)
[677/890] The Yardbirds — Shapes Of Things ... rock (rock, british, uk)
[678/890] Elton John — The Bitch Is Back ... rock (rock, pop, british)
[679/890] The Commodores — Nightshift ... other (gold)
[680/890] Elvis Presley — There Goes My Everything ... rock (rock, pop, american)
[681/890] Laura Branigan — Gloria ... pop (death by brain aneurysm, synth-pop, ballad)
[682/890] Ike & Tina Turner — I Want To Take You Higher ... rock (rock, blues, funk)
[683/890] Focus — Hocus Pocus ... rock (rock, progressive rock, dutch)
[684/890] J. Geils Band — Freeze-Frame ... rock (rock and indie, blues rock, rock)
[685/890] Player — Baby Come Back ... rock (soft rock, pop rock, aor)
[686/890] Roy Drusky — Three Hearts In A Tangle ... other (2008 universal fire victim)
[687/890] The Righteous Brothers — Unchained Melody ... pop (pop, blue-eyed soul, brill building)
[688/890] Dr. Hook — The Millionaire ... rock (country rock, soft rock, pop)
[689/890] Cyndi Lauper — I Drove All Night ... rock (rock, synthpop, pop)
[690/890] Sting — All This Time ... rock (rock, classical, pop)
[691/890] Debarge — Time Will Reveal ... rock (classic pop and rock)
[692/890] Wild Cherry — Play That Funky Music ... soul_r&b (funk, soul, disco)
[693/890] The Trammps — Disco Inferno ... soul_r&b (soul, disco, classic pop and rock)
[694/890] Wilson Pickett — In The Midnight Hour ... soul_r&b (hey joe, soul and reggae, soul)
[695/890] Prince & Sheena Easton — The Arms Of Orion ... other (—)
[696/890] The Dramatics — Hey You! Get Off My Mountain ... soul_r&b (r&b, pop, rhythm and blues)
[697/890] Wilson Pickett — Soul Dance Number 3 ... soul_r&b (hey joe, soul and reggae, soul)
[698/890] Cheap Trick — Surrender ... rock (rock, hard rock, power pop)
[699/890] Jimmy Reed — Baby What You Want Me To Do ... blues (blues, electric blues, rock and indie)
[700/890] Led Zeppelin — Over The Hills and Far Away ... rock (rock, progressive rock, heavy metal)
[701/890] Greg Kihn — Lucky ... rock (rock, pop rock)
[702/890] Tina Turner — We Don t Need Another Hero (Thunderdome) ... rock (rock, pop, american)
[703/890] James Brown — Down And Out In New York City ... blues (american, blues, funk)
[704/890] The Byrds — Goin' Back ... rock (rock, pop, folk)
[705/890] The Greatful Dead — Sugar Magnolia ... other (—)
[706/890] Gene Pitney — Town Without ... pop (pop, singer-songwriter, songwriter)
[707/890] Milli Vanilli — Girl I m Gonna Miss You ... pop (pop, dance-pop, classic pop and rock)
[708/890] Eric Clapton — Lay Down Sally ... rock (rock, pop, blues)
[709/890] Johnny Tillotson — It Keeps Right On A-Hurtin' ... pop (pop, singer-songwriter, country)
[710/890] Aretha Franklin — Oh Me Oh My (I'm A Fool For You Baby) ... rock (rock, pop, jazz)
[711/890] Duran Duran — Is There Something I Should Know ... rock (rock, electronic, synthpop)
[712/890] Jimmy Ruffin — I've Passed This Way Before ... rock (classic pop and rock, r&b, soul)
[713/890] Jefferson Starship — Count On Me ... rock (rock, psychedelic rock, classic rock)
[714/890] Eddie Holland — Jamie ... soul_r&b (motown, lyricist, r&b)
[715/890] B.J. Thomas — Hooked On A Feeling ... rock (rock, pop, country)
[716/890] Billy Squier — My Kinda Lover ... rock (rock, american, hard rock)
[717/890] Pink Floyd — Another Brick In The Wall (Part II) ... rock (rock, progressive rock, 70s)
[718/890] Pat Benatar — Heartbreaker ... rock (rock, pop, new wave)
[719/890] Marty Robbins — I Walk Alone ... country (70s, 80s, american)
[720/890] Elvis Presley — My Wish Came True ... rock (rock, pop, american)
[721/890] Earth, Wind & Fire — After The Love Has Gone ... pop (pop, jazz, dance)
[722/890] Bill Withers — Ain't No Sunshine ... soul_r&b (funk, soul, 1970s)
[723/890] Hank Snow — I've Been Everywhere ... country (canadian, country, nashville sound)
[724/890] Eagles — Best Of My Love ... rock (classic pop and rock, pop/rock, american)
[725/890] The Fabulous Thunderbirds — Tuff Enuff ... blues (texas blues, electric texas blues, blues rock)
[726/890] Dion — This Little Girl ... pop (pop, french, canadian)
[727/890] Robert John — Sad Eyes ... folk (singer-songwriter, soft rock, aor)
[728/890] Bruce Springsteen — My Hometown ... rock (rock, folk, cotm)
[729/890] Gino Vanelli — Hurts To Be In Love ... other (—)
[730/890] Gloria Gaynor — Never Can Say Goodbye ... soul_r&b (soul, disco, dance-pop)
[731/890] The J. Geils Band — Must Of Got Lost ... rock (rock and indie, blues rock, rock)
[732/890] The Babys — Every Time I Think Of You ... rock (pop rock, male vocalists, rock)
[733/890] Bob Seger — Rock And Roll Never Forgets ... rock (classic rock heartland rock rock and roll, classic pop and rock, rock)
[734/890] Fats Domino — Be My Guest ... rock (rock, american, blues)
[735/890] Cliff Richard — Devil Woman ... rock (rock, pop, british)
[736/890] Todd Rundgren — Can We Still Be Friends ... rock (rock, electronic, pop)
[737/890] Switch — There'll Never Be ... disco_dance (house)
[738/890] Alabama — Take Me Down ... rock (rock, american, country)
[739/890] Cyndi Lauper — All Through The Night ... rock (rock, synthpop, pop)
[740/890] Chicago — Make Me Smile ... rock (rock, pop, jazz)
[741/890] Thelma Houston — Don't Leave Me This Way ... rock (classic pop and rock, disco, pop soul)
[742/890] Joan Baez — There But For Fortune ... rock (rock, pop, folk)
[743/890] Heart — Who Will You Run To ... rock (rock, pop, hard rock)
[744/890] The Crystals — He's A Rebel ... pop (pop, girl group, brill building)
[745/890] Billy Swan — I Can Help ... pop (pop, country, country pop)
[746/890] The Crystals — There's No Other (Like My Baby) ... pop (pop, girl group, brill building)
[747/890] The Meters — Look-Ka Py Py ... rock (classic pop and rock, funk)
[748/890] Earth, Wind & Fire — After The Love Has Gone ... pop (pop, jazz, dance)
[749/890] Tina Turner — Private Dancer ... rock (rock, pop, american)
[750/890] Dinah Washington — Where Are You ... soul_r&b (r&b, rnb, american)
[751/890] Marvin Gaye & Tammy Terrell — If I Could Build My Whole World Around You ... other (—)
[752/890] Dion — (I was) Born To Cry ... pop (pop, french, canadian)
[753/890] Stray Cats — Rock This Town ... rock (rock, american, rockabilly)
[754/890] Chubby Checker — The Twist ... rock (rock, pop, rock and roll)
[755/890] Tina Turner — What You See Is What You Get ... rock (rock, pop, american)
[756/890] Young MC — Bust A Move ... rock (rock and indie, hip hop)
[757/890] The Beatles' — Ob-La-Di, Ob-La-Da ... rock (rock, pop, progressive rock)
[758/890] Rob Base — It Takes Two ... hip_hop (hip hop, east coast hip hop)
[759/890] Chuck Berry — Reelin' & Rockin' ... rock (rock, jazz, american)
[760/890] Chris Kenner — Land Of 1000 Dances ... other (—)
[761/890] Stephanie Mills — Never Knew Love Like This Before ... jazz (jazz, soul, gospel)
[762/890] Charlie Rich — Lonely Weekends ... jazz (jazz, country pop, soul)
[763/890] Glen Campbell — Wichita Lineman ... country (country, baroque pop, country pop)
[764/890] The Everly Brothers — Ebony Eyes ... pop (pop, rockabilly, pop rock)
[765/890] Marvin Gaye & Tammy Terrell — If I Could Build My Whole World Around You ... other (—)
[766/890] Barbra Streisand — Funny Girl ... pop (pop, jazz, american)
[767/890] Los Lobos — Will The Wolf Survive ... rock (rock, 80s, 90s)
[768/890] Marty Robbins — Big Iron ... country (70s, 80s, american)
[769/890] Simon And Garfunel — A Hazy Shade Of Winter ... other (—)
[770/890] Charlie Rich — Lonely Weekends ... jazz (jazz, country pop, soul)
[771/890] David Crosby,Graham Nash — Carry Me ... other (—)
[772/890] Roy Head — Treat Her Right ... rock (country rock)
[773/890] Genesis — Invisible Touch ... rock (rock, pop, progressive rock)
[774/890] The 5th Dimension — One Less Bell To Answer ... rock (classic pop and rock, vocal group, sunshine pop)
[775/890] Nat King Cole — Those Lazy-Hazy-Crazy Days Of Summer ... soul_r&b (r&b, pop, american)
[776/890] Smokey Robinson — Cruisin' ... soul_r&b (american, soul, rnb)
[777/890] The Miracles — Mighty Good Lovin' ... pop (pop, soul, disco)
[778/890] Kris Kristofferson — Loving Her Was Easier ... folk (folk, singer-songwriter, country)
[779/890] The Youngbloods — Get Together ... pop (psychedelic pop, folk pop, country rock)
[780/890] Mary MacGregor — Torn Between Two Lovers ... pop (pop, folk rock, soft rock)
[781/890] Waylon Jennings — Are You Sure Hank Done It This Way ... country (american, country, country rock)
[782/890] Madonna — Oh Father ... disco_dance (electronic, downtempo, pop)
[783/890] Johnny Tillotson — Talk Back Trembling Lips ... pop (pop, singer-songwriter, country)
[784/890] The Beatles — Hard Days Night ... rock (rock, pop, progressive rock)
[785/890] Eddie Rabbitt — I Love A Rainy Night ... country (country, country pop, classic pop and rock)
[786/890] Tevin Campbell — Tell Me What You Want Me To Do ... pop (pop, american, soul)
[787/890] Dion — Abraham, Martin And John ... pop (pop, french, canadian)
[788/890] Sonny & Cher — A Cowboy's Work Is Never Done ... rock (classic pop and rock, sunshine pop, folk pop)
[789/890] Duran Duran — I Don t Want Your Love ... rock (rock, electronic, synthpop)
[790/890] Count Basie — Going To Chicago Blues ... jazz (jazz, american, swing)
[791/890] Stray Cats — Rock This Town ... rock (rock, american, rockabilly)
[792/890] The Righteous Brothers — Soul And Inspiration ... pop (pop, blue-eyed soul, brill building)
[793/890] Dion — Love Came To Me ... pop (pop, french, canadian)
[794/890] Simon & Garfunkel — The Sounds Of Silence ... rock (rock, pop, folk)
[795/890] Buck Owens — Think Of Me ... country (country, honky tonk, death by heart attack)
[796/890] Jackson Browne — Running On Empty ... rock (rock, folk, singer-songwriter)
[797/890] The Commodores — Easy ... other (gold)
[798/890] Johnny Cash — I Got Stripes ... rock (rock, folk, american)
[799/890] Cliff Richard — Daddy's Home ... rock (rock, pop, british)
[800/890] Smokey Robinson — Cruisin' ... soul_r&b (american, soul, rnb)
[801/890] Paul McCartney & Wings — My Love ... other (—)
[802/890] Double Exposure — Ten Percent ... other (—)
[803/890] LaVern Baker — I Cried A Tear ... jazz (vocal jazz, r&b)
[804/890] Billy Idol — Rebel Yell ... rock (rock, electronic, punk)
[805/890] Bobbie Gentry — Ode To Billie Joe ... country (country, baroque pop, contemporary folk)
[806/890] Jesus Jones — Right Here, Right Now ... rock (alternative dance, england, classic pop and rock)
[807/890] Blue Cheer — Summertime Blues ... rock (rock, heavy metal, hard rock)
[808/890] Bob Seger — Night Moves ... rock (classic rock heartland rock rock and roll, classic pop and rock, rock)
[809/890] Madonna — Live To Tell ... disco_dance (electronic, downtempo, pop)
[810/890] Little River Band — Happy Anniversary ... rock (jefferson airplane, rock, 2008 universal fire victim)
[811/890] Bob Seger — Against The Wind ... rock (classic rock heartland rock rock and roll, classic pop and rock, rock)
[812/890] The Jacksons — I Want You Back ... pop (pop, funk, soul)
[813/890] Emerson, Lake & Palmer — Lucky Man ... rock (rock, progressive rock, 70s)
[814/890] Paul Revere & The Raiders — Kicks ... pop (psychedelic pop, pop rock, garage rock)
[815/890] Sagittarius — My World Fell Down ... pop (pop, pop rock, rock)
[816/890] Tina Turner — Private Dancer ... rock (rock, pop, american)
[817/890] The Miracles — Baby, Baby Don't Cry ... pop (pop, soul, disco)
[818/890] Michael Jackson — Man In The Mirror ... rock (rock, pop, american)
[819/890] Dr. Hook — Only Sixteen ... rock (country rock, soft rock, pop)
[820/890] Four Tops — Standing In The Shadows Of Love ... soul_r&b (r&b, classic pop and rock, pop soul)
[821/890] The Beatles — She's A Woman ... rock (rock, pop, progressive rock)
[822/890] Tom T. Hall — The Year That Clayton Delaney Died ... folk (singer-songwriter, country)
[823/890] Stray Cats — I Won't Stand In Your Way ... rock (rock, american, rockabilly)
[824/890] The Doobie Brothers — Echoes Of Love ... rock (rock, pop, folk rock)
[825/890] The Commodores — Three Times A Lady ... other (gold)
[826/890] Blondie — Island Of Lost Souls ... rock (rock, pop, punk)
[827/890] Pat Benatar — Heartbreaker ... rock (rock, pop, new wave)
[828/890] Bob Seger — Even Now ... rock (classic rock heartland rock rock and roll, classic pop and rock, rock)
[829/890] Dion — Lovers Who Wander ... pop (pop, french, canadian)
[830/890] Lesley Gore — You Don't Own Me ... pop (pop, girl group, sunshine pop)
[831/890] Sonny & Cher — Baby Don't Go ... rock (classic pop and rock, sunshine pop, folk pop)
[832/890] The Beatles — I Don't Want To Spoil The Party ... rock (rock, pop, progressive rock)
[833/890] Donna Summer — Last Dance ... rock (rock, electronic, pop)
[834/890] Charlie Rich — Behind Closed Doors ... jazz (jazz, country pop, soul)
[835/890] Rare Earth — Get Ready ... rock (rock, american, psychedelic rock)
[836/890] Wilson Pickett — I'm In Love ... soul_r&b (hey joe, soul and reggae, soul)
[837/890] Cliff Richard — Carrie ... rock (rock, pop, british)
[838/890] Culture Club — I'll Tumble 4 Ya ... pop (pop, british, new wave)
[839/890] Buck Owens — I've Got A Tiger By The Tail ... country (country, honky tonk, death by heart attack)
[840/890] Duran Duran — All she wants is ... rock (rock, electronic, synthpop)
[841/890] 25 or 6 to 4 — Chicago ... other (—)
[842/890] Bay City Rollers — Saturday Night ... rock (british, scottish, uk)
[843/890] Roberta Flack and Donny Hathaway — You've got a Friend ... soul_r&b (r&b)
[844/890] Bonnie Pointer — Heaven Must Have Sent You ... soul_r&b (soul, disco, gospel)
[845/890] Boston — Amanda ... rock (rock, progressive rock, heavy metal)
[846/890] Elvis Presley — For Ol' Times Sake ... rock (rock, pop, american)
[847/890] Level 42 — Something About You ... rock (rock, pop, jazz)
[848/890] The Shirelles — Will You Love Me Tomorrow ... pop (pop soul, soul, rnb)
[849/890] Chicago — Alive Again ... rock (rock, pop, jazz)
[850/890] Donna Summer — Last Dance ... rock (rock, electronic, pop)
[851/890] The Beatles — Help! ... rock (rock, pop, progressive rock)
[852/890] Marie Osmond — Paper Roses ... country (country, pop, classic country)
[853/890] Greg Kihn Band — Happy Man ... rock (new wave, pop rock)
[854/890] Willie Mitchell — 20-75 ... other (death by heart attack)
[855/890] The Everly Brothers — That's Old Fashioned (That's The Way Love Should Be) ... pop (pop, rockabilly, pop rock)
[856/890] Steve Miller Band — Rock'n Me ... rock (rock and indie, pop/rock, pop rock)
[857/890] Gladys Knight & The Pips — Baby Don't Change Your Mind ... soul_r&b (soul, quiet storm, motown)
[858/890] Brenda Lee — All Alone Am I ... rock (rock, pop, american)
[859/890] Genesis — Abacab ... rock (rock, pop, progressive rock)
[860/890] Minnie Riperton — Lovin' You ... rock (death by breast cancer, rock and indie, r&b)
[861/890] Kenny Rogers — Lady ... pop (pop, american, country)
[862/890] Jesus Jones — Right Here, Right Now ... rock (alternative dance, england, classic pop and rock)
[863/890] Simon & Garfunkel — El Condor Pasa ... rock (rock, pop, folk)
[864/890] Jimmy Reed — Baby What You Want Me To Do ... blues (blues, electric blues, rock and indie)
[865/890] Bobby Darin — If I Were A Carpenter ... rock (rock, pop, jazz)
[866/890] The Rolling Stones — Honky Tonk Women ... rock (rock, pop, blues)
[867/890] Rick Derringer — Rock and Roll, Hoochie Koo ... rock (rock, pop, blues)
[868/890] Edgar Winter — Frankenstein ... rock (rock, pop, blues rock)
[869/890] Elton John — Who Wears These Shoes ... rock (rock, pop, british)
[870/890] Kaoma — Lambada ... disco_dance (lambada, dance, latin)
[871/890] Bette Midler — The Rose ... rock (rock, pop)
[872/890] Jan & Dean — Sidewalk Surfin' ... rock (rock, surf rock, baroque pop)
[873/890] Cliff Richard — We Don't Talk Anymore ... rock (rock, pop, british)
[874/890] Cyndi Lauper — She Bop ... rock (rock, synthpop, pop)
[875/890] Milli Vanilli — Baby Don t Forget My Number ... pop (pop, dance-pop, classic pop and rock)
[876/890] Bob Seger — American Storm ... rock (classic rock heartland rock rock and roll, classic pop and rock, rock)
[877/890] Shannon — Let The Music Play ... rock (rock and roll, del shannon greatest hits, classic pop and rock)
[878/890] Cornelius Brothers & Sister Rose — Treat Her Like A Lady ... soul_r&b (soul)
[879/890] Van Halen — When It's Love ... rock (rock, hard rock, glam rock)
[880/890] George Harrison — Crackerbox Palace ... rock (rock, electronic, pop)
[881/890] Four Tops — Standing In The Shadows Of Love ... soul_r&b (r&b, classic pop and rock, pop soul)
[882/890] Diana Ross — Upside Down ... pop (pop, jazz, american)
[883/890] A Taste Of Honey — Sukiyaki ... soul_r&b (70s, 80s, funk)
[884/890] Johnny Horton — Johnny Reb ... folk (american, singer-songwriter, rockabilly)
[885/890] The Las — There She Goes ... other (—)
[886/890] The Turtles — Happy Together ... rock (folk rock, psychedelic pop, pop rock)
[887/890] The Chiffons — He's So Fine ... rock (girl group, doo-wop, 1960s)
[888/890] Billy Idol — White Wedding ... rock (rock, electronic, punk)
[889/890] The Everly Brothers — Ebony Eyes ... pop (pop, rockabilly, pop rock)
[890/890] Pet Shop Boys — Where The Streets Have No Names ... disco_dance (electronic, synthpop, pop)

=== Genre distribution ===
  rock           : 459
  pop            : 169
  other          : 66
  soul_r&b       : 63
  disco_dance    : 32
  country        : 31
  folk           : 24
  jazz           : 23
  blues          : 19
  hip_hop        : 4

Match rate: 835/890 = 93.8%
Saved to data/genre_labels.json
