HTTP Error for GET to https://api.spotify.com/v1/audio-features/?ids=1h2xVEoJORqrg71HocgqXd with Params: {} returned 403 due to None
Spotify client OK | audio_features access: NO (extended access pending)
Fetching 890 remaining songs...

Traceback (most recent call last):
  File "/home/mizhap/MSU/classes/Graph_ML_941/CES941MusicProject/scripts/fetch_spotify.py", line 178, in <module>
    main()
  File "/home/mizhap/MSU/classes/Graph_ML_941/CES941MusicProject/scripts/fetch_spotify.py", line 146, in main
    popularity = track['popularity']
KeyError: 'popularity'
Spotify client OK | audio_features access: NO (extended access pending)
Fetching 890 remaining songs...

[1/890] OK (meta only) — James Brown — I Don't mind | genres: []
[2/890] OK (meta only) — Roberta Flack and Donny Hathaway — You've got a Friend | genres: []
[3/890] OK (meta only) — Bette Midler — The Rose | genres: []
[4/890] OK (meta only) — Billy Joel — An Innocent Man | genres: []
[5/890] OK (meta only) — Johnny Lee — Lookin' for Love | genres: []
[6/890] OK (meta only) — Aerosmith — Last Child | genres: []
[7/890] OK (meta only) — Cyndi Lauper — She Bop | genres: []
[8/890] OK (meta only) — Hall & Oates — Kiss On My List | genres: []
[9/890] OK (meta only) — Tanya Tucker — Here's Some Love | genres: []
[10/890] OK (meta only) — The J. Geils Band — Just Can't Wait | genres: []
[11/890] OK (meta only) — The 5th Dimension — Never My Love | genres: []
[12/890] OK (meta only) — Talking Heads — And She Was | genres: []
[13/890] OK (meta only) — Graham Nash — Chicago | genres: []
[14/890] MISS — Chiffons — Swing Talkin' Guy
[15/890] OK (meta only) — Bad Company — Rock 'n' Roll Fantasy | genres: []
[16/890] OK (meta only) — Steve Miller Band — The Joker | genres: []
[17/890] OK (meta only) — R Dean Tayloy — Indiana Wants Me | genres: []
[18/890] OK (meta only) — Heart — Crazy On You | genres: []
[19/890] OK (meta only) — If I Can't Have You — Yvonne Elliman | genres: []
[20/890] OK (meta only) — Freedom — Jimi Hendrix | genres: []
[21/890] OK (meta only) — Flatt & Scruggs — Foggy Mountain Breakdown | genres: []
[22/890] OK (meta only) — Rolling Stones — It's Only Rock and Roll (But I Like It) | genres: []
[23/890] OK (meta only) — Snap — The Power | genres: []
[24/890] OK (meta only) — Five Man Electrical Band — Absolutely Right | genres: []
[25/890] OK (meta only) — Phil Collins — Two Hearts | genres: []
[26/890] OK (meta only) — The Power Station — Some Like It Hot | genres: []
[27/890] OK (meta only) — The Staple Singers — I'll Take You There | genres: []
[28/890] OK (meta only) — Barbara Streisand — People | genres: []
[29/890] OK (meta only) — Beatles — Love Me Do | genres: []
[30/890] OK (meta only) — Cliff Richard — Carrie | genres: []
[31/890] OK (meta only) — Led Zeppelin — Over The Hills and Far Away | genres: []
[32/890] OK (meta only) — J. Frank Wilson & The Cavaliers — Last Kiss | genres: []
[33/890] OK (meta only) — The Robert Cray Band — Smoking Gun | genres: []
[34/890] OK (meta only) — Bobbi Martin — I Love You So | genres: []
[35/890] OK (meta only) — Peggy Lee — Is That All There Is | genres: []
[36/890] OK (meta only) — Creedence Clearwater Revival — I Put A Spell On You | genres: []
[37/890] OK (meta only) — Gino Vanelli — Hurts To Be In Love | genres: []
[38/890] OK (meta only) — Roy Orbison — Cry Softly Lonely One | genres: []
[39/890] OK (meta only) — The Contours — Do You Love Me | genres: []
[40/890] OK (meta only) — Little Joey & The Flips — Bongo Stomp | genres: []
[41/890] OK (meta only) — Gino Vannelli — Black Cars | genres: []
[42/890] OK (meta only) — Sly & The Family Stone — Hot Fun In The Summertime | genres: []
[43/890] OK (meta only) — Meatloaf — Paradise by the Dashboard Light | genres: []
[44/890] OK (meta only) — The Youngbloods — Get Together | genres: []
[45/890] OK (meta only) — Heart — Crazy On You | genres: []
[46/890] OK (meta only) — Martha Reeves & The Vandellas — Nowhere To Run | genres: []
[47/890] OK (meta only) — Foghat — Drivin' Wheel | genres: []
[48/890] OK (meta only) — Little River Band — Reminiscing | genres: []
[49/890] OK (meta only) — The Boys — Dial My Heart | genres: []
[50/890] OK (meta only) — James Brown — Cold Sweat - Part 1 | genres: []
[51/890] OK (meta only) — Paul Simon — You Can Call Me Al | genres: []
[52/890] OK (meta only) — UB40 — Red Red Wine | genres: []
[53/890] OK (meta only) — Michael Jackson — I Just Can't Stop Loving You | genres: []
[54/890] OK (meta only) — David Bowie — Space Oddity | genres: []
[55/890] OK (meta only) — Nitty Gritty Dirt Band — Buy For Me The Rain | genres: []
[56/890] OK (meta only) — Pat Benetar — Fire And Ice | genres: []
[57/890] OK (meta only) — Spandau Ballet — True | genres: []
[58/890] OK (meta only) — Peter Gabriel — Shock the Monkey | genres: []
[59/890] OK (meta only) — Rolling Stones — Wild Horses | genres: []
[60/890] OK (meta only) — Foghat — Drivin' Wheel | genres: []
[61/890] OK (meta only) — Boyz II Men — Motown Philly | genres: []
[62/890] OK (meta only) — Bananarama — A Trick Of The Night | genres: []
[63/890] OK (meta only) — Rod Stewart — Maggie May | genres: []
[64/890] OK (meta only) — Dottie West — A Lesson in Leavin | genres: []
[65/890] OK (meta only) — Ray Price — For The Good Times | genres: []
[66/890] OK (meta only) — Little River Band — We Two | genres: []
[67/890] OK (meta only) — Rush — The Spirit of Radio | genres: []
[68/890] OK (meta only) — Bread — If | genres: []
[69/890] OK (meta only) — Lynyrd Skynyrd — Sweet Home Alabama | genres: []
[70/890] OK (meta only) — The tee set — Ma belle amie | genres: []
[71/890] OK (meta only) — The Byrds — Eight Miles High | genres: []
[72/890] OK (meta only) — Gladys Knight & The Pips — Letter Full of Tears | genres: []
[73/890] OK (meta only) — Cream — Sunshine of Your Love | genres: []
[74/890] OK (meta only) — Chuck Berry — Sweet Little Rock N' Roll | genres: []
[75/890] OK (meta only) — Eric Clapton — Let It Rain | genres: []
[76/890] OK (meta only) — David Ruffin, Jimmy Ruffin — Stand By Me | genres: []
[77/890] OK (meta only) — The Ronettes — Be My Baby | genres: []
[78/890] OK (meta only) — Freddie Jackson — Have You Ever Loved Somebody | genres: []
[79/890] OK (meta only) — Bing Crosby — Silent Night | genres: []
[80/890] OK (meta only) — Eric Clapton — Promises | genres: []
[81/890] OK (meta only) — Blue Eyes Cryin' — Willie Nelson | genres: []
[82/890] OK (meta only) — Etta James — Stop the Wedding | genres: []
[83/890] OK (meta only) — Looking Glass — Brandy | genres: []
[84/890] OK (meta only) — The Rolling Stones — Tumbling Dice | genres: []
[85/890] OK (meta only) — Ronnie Milsap — I wouldn't Have Missed it For The World | genres: []
[86/890] OK (meta only) — Bobby Bare — Detroit City | genres: []
[87/890] OK (meta only) — Electric Prunes — I Had Too Much To Dream | genres: []
[88/890] OK (meta only) — UB40 — The Way You Do The Things You Do | genres: []
[89/890] OK (meta only) — ZZ Top — La Grange | genres: []
[90/890] OK (meta only) — Peter Gabriel — Shock the Monkey | genres: []
[91/890] OK (meta only) — Dion — Runaround Sue | genres: []
[92/890] OK (meta only) — The String-A-Longs — Wheels | genres: []
[93/890] OK (meta only) — The Police — Spirits In The Material World | genres: []
[94/890] OK (meta only) — Randy Vanwarmer — Just When I Needed You Most | genres: []
[95/890] OK (meta only) — Tina Turner — What's Love Got To Do With It | genres: []
[96/890] OK (meta only) — The Everly Brothers — Walk Right Back | genres: []
[97/890] OK (meta only) — Robert John — Lonely Eyes | genres: []
[98/890] OK (meta only) — Eric Clapton — Forever Man | genres: []
[99/890] OK (meta only) — Santo & Johnny — Sleep Walk | genres: []
[100/890] OK (meta only) — Level 42 — Something About You | genres: []
[101/890] OK (meta only) — Elvis Presley — Little Sister | genres: []
[102/890] OK (meta only) — Solomon Burke — If you need me | genres: []
[103/890] OK (meta only) — Brenda Lee — Sweet Nothin's | genres: []
[104/890] OK (meta only) — Melba Montgomery — No Charge | genres: []
[105/890] OK (meta only) — San Franciscan Nights — The Animals | genres: []
[106/890] OK (meta only) — Sea of Heartbreak — Don Gibson | genres: []
[107/890] OK (meta only) — Twilight Zone — Golden Earring | genres: []
[108/890] OK (meta only) — Solomon Burke — If you need me | genres: []
[109/890] OK (meta only) — 25 or 6 to 4 — Chicago | genres: []
[110/890] OK (meta only) — Nathalie Cole — I've Got Love On My Mind | genres: []
[111/890] OK (meta only) — Bo Diddley — You Can't Judge A Book By The Cover | genres: []
[112/890] OK (meta only) — Beautiful — Gordon Lightfoot | genres: []
[113/890] OK (meta only) — Always Something There to Remind Me — Naked Eyes | genres: []
[114/890] OK (meta only) — John Denver — Annie's Song | genres: []
[115/890] OK (meta only) — ABBA — Chiquitita | genres: []
[116/890] OK (meta only) — Pet Shop Boys — Always on My Mind | genres: []
[117/890] OK (meta only) — Jimmy Clanton — Just A Dream | genres: []
[118/890] OK (meta only) — Little River Band — Help Is On The Way | genres: []
[119/890] OK (meta only) — Cheap Trick — I Want You To Want Me | genres: []
[120/890] OK (meta only) — Gloria Gaynor — Never Can Say Goodbye | genres: []
[121/890] OK (meta only) — The Rascals — People Got To Be Free | genres: []
[122/890] OK (meta only) — Dinah Washington — Unforgettable | genres: []
[123/890] OK (meta only) — Andy Gibb — Shadow Dancing | genres: []
[124/890] OK (meta only) — Eric Clapton — Willie And The Hand Jive | genres: []
[125/890] OK (meta only) — Alice Cooper — Schoool's out | genres: []
[126/890] OK (meta only) — Paul Anka — Love Me Warm And Tender | genres: []
[127/890] OK (meta only) — Chicago — Along Comes A Woman | genres: []
[128/890] OK (meta only) — Anne Murray — Could I Have This Dance | genres: []
[129/890] OK (meta only) — The O'Jays — Love Train | genres: []
[130/890] OK (meta only) — Jimmy Cliff — Wonderful World, Beautiful People | genres: []
[131/890] OK (meta only) — Ike & Tina Turner — I Want To Take You Higher | genres: []
[132/890] OK (meta only) — Billy Joel — Pressure | genres: []
[133/890] OK (meta only) — Paul McCartney — Maybe I'm Amazed | genres: []
[134/890] OK (meta only) — Steve Winwood — Back in the High Life Again | genres: []
[135/890] OK (meta only) — Chicago — Another Rainy Day in New York City | genres: []
[136/890] OK (meta only) — The Eagles — Already Gone | genres: []
[137/890] OK (meta only) — Tom Jones — She's A Lady | genres: []
[138/890] OK (meta only) — Ike & Tina Turner — It's Gonna Work Out Fine | genres: []
[139/890] OK (meta only) — Mel Torme — Comin' Home Baby | genres: []
[140/890] OK (meta only) — Ray Charles — The Right Time | genres: []
[141/890] OK (meta only) — Heart — Magic Man | genres: []
[142/890] OK (meta only) — Isaac Hayes — Do your thing | genres: []
[143/890] OK (meta only) — Rick Springfield — Jessie's Girl | genres: []
[144/890] OK (meta only) — Abba — Fernando | genres: []
[145/890] OK (meta only) — Nat King Cole — Ramblin' Rose | genres: []
[146/890] OK (meta only) — Roberta Flack — Feel Like Making Love | genres: []
[147/890] OK (meta only) — Elvis Presley — For Ol' Times Sake | genres: []
[148/890] OK (meta only) — Michael Jackson — Wanna Be Startin' Somethin' | genres: []
[149/890] OK (meta only) — Glen Campbell — Galveston | genres: []
[150/890] OK (meta only) — Pat Benatar — Promises In The Dark | genres: []
[151/890] OK (meta only) — The Beach Boys — Still Cruisin | genres: []
[152/890] OK (meta only) — The Rolling Stones — Honky Tonk Women | genres: []
[153/890] OK (meta only) — ABBA — Knowing Me, Knowing You | genres: []
[154/890] OK (meta only) — The Band — Life Is A Carnival | genres: []
[155/890] OK (meta only) — John Denver — Back Home Again | genres: []
[156/890] OK (meta only) — Genesis — Tonight, Tonight, Tonight | genres: []
[157/890] OK (meta only) — Kenny Rogers — You Decorated My Life | genres: []
[158/890] OK (meta only) — The Beach Boys — Sail On Sailor | genres: []
[159/890] OK (meta only) — Billy Joel — Just The Way You Are | genres: []
[160/890] OK (meta only) — Bing Crosby — White Christmas | genres: []
[161/890] OK (meta only) — Stevie B — Because I Love You | genres: []
[162/890] OK (meta only) — The Rolling Stones — Have You Seen Your Mother, Baby, Standing In The Shadow? | genres: []
[163/890] OK (meta only) — John Denver — It Amazes Me | genres: []
[164/890] OK (meta only) — Glen Campbell — Rhinestone Cowboy | genres: []
[165/890] OK (meta only) — J. Frank Wilson & The Cavaliers — Last Kiss | genres: []
[166/890] OK (meta only) — Ten Years After — I'd Love To Change The World | genres: []
[167/890] OK (meta only) — Bob Seger — Old Time Rock & Roll | genres: []
[168/890] OK (meta only) — Jimmy Jones — Handy Man | genres: []
[169/890] OK (meta only) — Brother Jack McDuff — Theme From Electric Surfboard | genres: []
[170/890] OK (meta only) — Dion — Love Came To Me | genres: []
[171/890] OK (meta only) — Simple Minds — Sanctify Yourself | genres: []
[172/890] OK (meta only) — Brownsville station — Smokin' In The Boys Room | genres: []
[173/890] OK (meta only) — Max Frost & The Troopers — Shape Of Things To Come | genres: []
[174/890] OK (meta only) — Firehouse — Don t Treat Me Bad | genres: []
[175/890] OK (meta only) — Patrick Hernandez — Born To Be Alive | genres: []
[176/890] OK (meta only) — Tom Jones — She's A Lady | genres: []
[177/890] OK (meta only) — Iron Butterfly — In-A-Gadda-Da-Vida | genres: []
[178/890] OK (meta only) — Wednesday — Last Kiss | genres: []
[179/890] OK (meta only) — Rolling Stones — Dandelion | genres: []
[180/890] OK (meta only) — The 5th Dimension — (Last Night) I Didn't Get To Sleep At All | genres: []
[181/890] OK (meta only) — Johnny Tillotson — Worried Guy | genres: []
[182/890] OK (meta only) — REO Speedwagon — Time For Me To Fly | genres: []
[183/890] OK (meta only) — Pink Floyd — Money | genres: []
[184/890] OK (meta only) — The Beach Boys — In My Room | genres: []
[185/890] OK (meta only) — Robert Palmer — Addicted to Love | genres: []
[186/890] OK (meta only) — Pat Benatar — Promises In The Dark | genres: []
[187/890] OK (meta only) — Clarence Carter — Patches | genres: []
[188/890] OK (meta only) — Rolling Stones — Waiting On A Friend | genres: []
[189/890] OK (meta only) — Patrick Hernandez — Born To Be Alive | genres: []
[190/890] OK (meta only) — Marvin Gaye & Kim Weston — It Takes Two | genres: []
[191/890] OK (meta only) — Heart — There's the Girl | genres: []
[192/890] OK (meta only) — Bob Dylan — Gotta Serve Somebody | genres: []
[193/890] OK (meta only) — Nancy Sinatra — These Boots Are Made For Walkin' | genres: []
[194/890] OK (meta only) — Brenda Lee — As Usual | genres: []
[195/890] OK (meta only) — Elvis Presley — Guitar Man | genres: []
[196/890] OK (meta only) — The Hollies — Long Dark Road | genres: []
[197/890] OK (meta only) — Rita Coolidge — The Way You Do The Things You Do | genres: []
[198/890] OK (meta only) — 25 or 6 to 4 — Chicago | genres: []
[199/890] OK (meta only) — The Police — Every Little Thing She Does Is Magic | genres: []
[200/890] OK (meta only) — Jerry Jeff Walker — Mr. Bojangles | genres: []
[201/890] OK (meta only) — Billy Joel — Just The Way You Are | genres: []
[202/890] OK (meta only) — Eagles — Lyin' Eyes | genres: []
[203/890] OK (meta only) — Bobby Womack — That's the Way I Feel About Cha | genres: []
[204/890] OK (meta only) — Whitesnake — Here I Go Again | genres: []
[205/890] OK (meta only) — The Beatles — Do You Want To Know A Secret | genres: []
[206/890] OK (meta only) — Juice Newton — Break It To Me Gently | genres: []
[207/890] OK (meta only) — Digital Underground — The Humpty Dance | genres: []
[208/890] OK (meta only) — Village People — In The Navy | genres: []
[209/890] OK (meta only) — Smokey Robinson — Cruisin' | genres: []
[210/890] OK (meta only) — Roger Miller — You Can't Roller Skate In A Buffalo Herd | genres: []
[211/890] OK (meta only) — Cyndi Lauper — All Through The Night | genres: []
[212/890] OK (meta only) — Little River Band — The Other Guy | genres: []
[213/890] OK (meta only) — Anne Murray — Daydream Believer | genres: []
[214/890] OK (meta only) — James Brown — I Got You (I Feel Good) | genres: []
[215/890] OK (meta only) — Redbone — Come And Get Your Love | genres: []
[216/890] OK (meta only) — Cheap Trick — Dream Police | genres: []
[217/890] OK (meta only) — The String-A-Longs — Wheels | genres: []
[218/890] OK (meta only) — Marvin Gaye — I Want You | genres: []
[219/890] OK (meta only) — The Supremes — Floy Joy | genres: []
[220/890] OK (meta only) — The Everly Brothers — Bird Dog | genres: []
[221/890] OK (meta only) — Cheap Trick — Dream Police | genres: []
[222/890] OK (meta only) — Linda Ronstadt — When Will I Be Loved | genres: []
[223/890] OK (meta only) — Paul Anka — Let Me Get To Know You | genres: []
[224/890] OK (meta only) — Elvis Presley — My Boy | genres: []
[225/890] OK (meta only) — The Robert Cray Band — Smoking Gun | genres: []
[226/890] OK (meta only) — The Fifth Dimension — Where Do You Wanna Go | genres: []
[227/890] OK (meta only) — Kool and the Gang — Jungle Boogie | genres: []
[228/890] OK (meta only) — Rolling Stones — Waiting On A Friend | genres: []
[229/890] OK (meta only) — Rockwell — Somebody s Watching Me | genres: []
[230/890] OK (meta only) — The Contours — Do You Love Me | genres: []
[231/890] OK (meta only) — Rita Coolidge — Your Love Has Lifted Me Higher | genres: []
[232/890] OK (meta only) — Kenny Rogers — Through The Years | genres: []
[233/890] OK (meta only) — Urban Dance Squad — Deeper Shade Of Soul | genres: []
[234/890] OK (meta only) — The Commodores — Easy | genres: []
[235/890] OK (meta only) — Gladys Night & The Pips — If I Were Your Woman | genres: []
[236/890] OK (meta only) — The Rolling Stones — Doo Doo Doo Doo Doo | genres: []
[237/890] OK (meta only) — Freddy Fender — Living It Down | genres: []
[238/890] OK (meta only) — Glen Campbell — Sunflower | genres: []
[239/890] OK (meta only) — Tina Turner — The Best | genres: []
[240/890] OK (meta only) — Firehouse — Don t Treat Me Bad | genres: []
[241/890] OK (meta only) — Bachman-Turner Overdrive — Roll On Down The Highway | genres: []
[242/890] OK (meta only) — Marky Mark & The Funky Bunch — Good Vibrations | genres: []
[243/890] OK (meta only) — Sammy Hagar — I Can't Drive 55 | genres: []
[244/890] OK (meta only) — Elton John — Philadelphia Freedom | genres: []
[245/890] OK (meta only) — Johnny Tillotson — I Rise, I Fall | genres: []
[246/890] OK (meta only) — Brenda Lee — Dum Dum | genres: []
[247/890] OK (meta only) — Donna Fargo — Superman | genres: []
[248/890] OK (meta only) — The Cure — Just Like Heaven | genres: []
[249/890] OK (meta only) — Ike & Tina Turner — I Want To Take You Higher | genres: []
[250/890] OK (meta only) — George Harrison — This Song | genres: []
[251/890] OK (meta only) — Wednesday — Last Kiss | genres: []
[252/890] OK (meta only) — Santana — Evil Ways | genres: []
[253/890] OK (meta only) — Chicago — Feelin' Stronger Every Day | genres: []
[254/890] OK (meta only) — Alan O'Day — Undercover Angel | genres: []
[255/890] OK (meta only) — The Buckinghams — Kind Of A Drag | genres: []
[256/890] OK (meta only) — Neneh Cherry — Kisses On The Wind | genres: []
[257/890] OK (meta only) — Brenda Lee — Losing You | genres: []
[258/890] OK (meta only) — Kenny Rogers — Scarlet Fever | genres: []
[259/890] OK (meta only) — Ann Peebles — I Can't Stand The Rain | genres: []
[260/890] OK (meta only) — Digital Underground — The Humpty Dance | genres: []
[261/890] OK (meta only) — Gladys Knight & The Pips — Best Thing That Ever Happened To Me | genres: []
[262/890] OK (meta only) — Focus — Hocus Pocus | genres: []
[263/890] OK (meta only) — Pet Shop Boys — Where The Streets Have No Names | genres: []
[264/890] OK (meta only) — Donovan — Sunshine Superman | genres: []
[265/890] OK (meta only) — Sting — If you love somebody set them free | genres: []
[266/890] OK (meta only) — Wilson Phillips — Hold On | genres: []
[267/890] OK (meta only) — Elvis Presley — I Really Don't Want To Know | genres: []
[268/890] OK (meta only) — Rolling Stones — Time Is On My Side | genres: []
[269/890] OK (meta only) — General Public — Tenderness | genres: []
[270/890] OK (meta only) — Candi Staton — Young Hearts Run Free | genres: []
[271/890] OK (meta only) — The Isley Brothers — It's Your Thing | genres: []
[272/890] OK (meta only) — Genesis — Misunderstanding | genres: []
[273/890] OK (meta only) — Jackson Browne — Here Come Those Tears Again | genres: []
[274/890] OK (meta only) — Peggy Lee — Fever | genres: []
[275/890] OK (meta only) — Janis Joplin — Kozmic Blues | genres: []
[276/890] OK (meta only) — Elvis Presley — One Night | genres: []
[277/890] OK (meta only) — Shirley Brown — Woman To Woman | genres: []
[278/890] OK (meta only) — Cyndi Lauper — The Goonies `R Good Enough | genres: []
[279/890] OK (meta only) — J. Frank Wilson & The Cavaliers — Last Kiss | genres: []
[280/890] OK (meta only) — Aretha Franklin — I Never Loved A Man | genres: []
[281/890] OK (meta only) — The Crystals — He's A Rebel | genres: []
[282/890] OK (meta only) — Pure Prairie League — Amie | genres: []
[283/890] OK (meta only) — Gino Vannelli — Wild Horses | genres: []
[284/890] OK (meta only) — Johnny Tillotson — Jimmy's Girl | genres: []
[285/890] OK (meta only) — Harry Chapin — Sunday Morning Sunshine | genres: []
[286/890] OK (meta only) — The Rembrandts — Someone | genres: []
[287/890] OK (meta only) — David Bowie — Golden Years | genres: []
[288/890] OK (meta only) — Joni Mitchell — (You're So Square) Baby, I Don't Care | genres: []
[289/890] OK (meta only) — Aretha Franklin — Chain Of Fools | genres: []
[290/890] OK (meta only) — George Harrison — Blow Away | genres: []
[291/890] OK (meta only) — The Who — Pinball Wizard | genres: []
[292/890] OK (meta only) — LaVern Baker — See See Rider | genres: []
[293/890] OK (meta only) — Bruce Springsteen — I m Goin Down | genres: []
[294/890] OK (meta only) — The Beach Boys — Bluebirds Over The Mountain | genres: []
[295/890] OK (meta only) — Ocean — Put Your Hand In The Hand | genres: []
[296/890] OK (meta only) — Huey Lewis & The News — I Want a New Drug | genres: []
[297/890] OK (meta only) — The Osmonds — One Bad Apple | genres: []
[298/890] OK (meta only) — The 5th Dimension — If I Could Reach You | genres: []
[299/890] OK (meta only) — Dion — Where Or When | genres: []
[300/890] OK (meta only) — Dion — Ruby Baby | genres: []
[301/890] OK (meta only) — Depeche Mode — World In My Eyes | genres: []
[302/890] OK (meta only) — The Kinks — Better Things | genres: []
[303/890] OK (meta only) — Elvis Presley — I Really Don't Want To Know | genres: []
[304/890] OK (meta only) — Chicago — Old Days | genres: []
[305/890] OK (meta only) — John Denver — Back Home Again | genres: []
[306/890] OK (meta only) — The Pointer Sisters — Jump (for My Love) | genres: []
[307/890] OK (meta only) — Rick Springfield — Jessie's Girl | genres: []
[308/890] OK (meta only) — Crosby Stills and Nash — Got It Made | genres: []
[309/890] OK (meta only) — Billy Squier — Don't Say You Love Me | genres: []
[310/890] OK (meta only) — Roberta Flack — Feel Like Making Love | genres: []
[311/890] OK (meta only) — Jimmy Smith — Walk On The Wild Side (Part 1) | genres: []
[312/890] OK (meta only) — Paul McCartney — With a Little Luck | genres: []
[313/890] OK (meta only) — Rolling Stones — Not Fade Away | genres: []
[314/890] OK (meta only) — Robert Palmer — Addicted to Love | genres: []
[315/890] OK (meta only) — The Drifters — On Broadway | genres: []
[316/890] OK (meta only) — John Denver — Seasons Of The Heart | genres: []
[317/890] OK (meta only) — Billy Idol — Flesh For Fantasy | genres: []
[318/890] OK (meta only) — Sammy Hagar — Give To Live | genres: []
[319/890] OK (meta only) — The Music Explosion — Little Bit O' Soul | genres: []
[320/890] OK (meta only) — The Temptations — Ain't Too Proud To Beg | genres: []
[321/890] OK (meta only) — Corey Hart — In Your Soul | genres: []
[322/890] OK (meta only) — Brenda Lee — As Usual | genres: []
[323/890] OK (meta only) — Kenny Rogers — Sweet Music Man | genres: []
[324/890] OK (meta only) — The Beatles — Come Together | genres: []
[325/890] OK (meta only) — The Cowsills — Silver Threads And Golden Needles | genres: []
[326/890] OK (meta only) — Anne Murray — Daydream Believer | genres: []
[327/890] OK (meta only) — Color Me Badd — I Adore Mi Amor | genres: []
[328/890] OK (meta only) — The Hollies — Carrie-Anne | genres: []
[329/890] OK (meta only) — J. Geils Band — One Last Kiss | genres: []
[330/890] OK (meta only) — The Beach Boys — Wendy | genres: []
[331/890] OK (meta only) — Rick James — Give It To Me Baby | genres: []
[332/890] OK (meta only) — The Miracles — Baby, Baby Don't Cry | genres: []
[333/890] OK (meta only) — Evelyn "Champagne" King — I'm In Love | genres: []
[334/890] OK (meta only) — Dr. John — Right Place Wrong Time | genres: []
[335/890] OK (meta only) — Brenda Lee — Heart in Hand | genres: []
[336/890] OK (meta only) — Hall and Oates — Rich Girl | genres: []
[337/890] OK (meta only) — James Brown — My Thang | genres: []
[338/890] OK (meta only) — Police — Don't stand so close to me | genres: []
[339/890] OK (meta only) — Kenny Rogers — I Don't Need You | genres: []
[340/890] OK (meta only) — The Staple Singers — City In The Sky | genres: []
[341/890] OK (meta only) — Johnny Horton — The Battle Of New Orleans | genres: []
[342/890] OK (meta only) — Donna Summer — Last Dance | genres: []
[343/890] OK (meta only) — Otis Redding — I've Been Loving You Too Long (To Stop Now) | genres: []
[344/890] OK (meta only) — Marky Mark & The Funky Bunch — Good Vibrations | genres: []
[345/890] OK (meta only) — Steve Miller Band — The Joker | genres: []
[346/890] OK (meta only) — Engelbert Humperdinck — After the Lovin' | genres: []
[347/890] OK (meta only) — Commodores — Still | genres: []
[348/890] OK (meta only) — Elvis Presley — For Ol' Times Sake | genres: []
[349/890] OK (meta only) — B.B. King — How Blue Can You Get | genres: []
[350/890] OK (meta only) — Bertha Tillman — Oh My Angel | genres: []
[351/890] OK (meta only) — The Rolling Stones — Going To A Go-Go | genres: []
[352/890] OK (meta only) — Etta James — Fool That I Am | genres: []
[353/890] OK (meta only) — Nat King Cole — Those Lazy-Hazy-Crazy Days Of Summer | genres: []
[354/890] OK (meta only) — George Harrison — Years Ago | genres: []
[355/890] OK (meta only) — Crosby, Stills & Nash — Suite: Judy Blue Eyes | genres: []
[356/890] OK (meta only) — Digital Underground — The Humpty Dance | genres: []
[357/890] OK (meta only) — Candi Staton — Young Hearts Run Free | genres: []
[358/890] OK (meta only) — Tina Turner — Private Dancer | genres: []
[359/890] OK (meta only) — Led Zeppelin — Trampled Under Foot | genres: []
[360/890] OK (meta only) — Pet Shop Boys — Love Comes Quickly | genres: []
[361/890] OK (meta only) — Tommy James — Crystal Blue Persuasion | genres: []
[362/890] OK (meta only) — Tracie Spencer — This House | genres: []
[363/890] OK (meta only) — Kate Bush — Running Up That Hill | genres: []
[364/890] OK (meta only) — James Brown — Baby You're Right | genres: []
[365/890] OK (meta only) — R Dean Tayloy — Indiana Wants Me | genres: []
[366/890] OK (meta only) — Cheap Trick — Stop This Game | genres: []
[367/890] OK (meta only) — Billy Preston — With You I'm Born Again | genres: []
[368/890] OK (meta only) — Wham! — Wake Me Up Before You Go-Go | genres: []
[369/890] OK (meta only) — Elvis Presley — If I Can Dream | genres: []
[370/890] OK (meta only) — Jackson Browne — Redneck Friend | genres: []
[371/890] OK (meta only) — The Trammps — Disco Inferno | genres: []
[372/890] OK (meta only) — Michael Johnson — Almost by Being In Love | genres: []
[373/890] OK (meta only) — Swingin' Medallions — Double Shot (Of My Baby's Love) | genres: []
[374/890] OK (meta only) — Peaches and Herb — Shake Your Groove Thing | genres: []
[375/890] OK (meta only) — Patrick Hernandez — Born To Be Alive | genres: []
[376/890] OK (meta only) — Michael Sembello — Maniac | genres: []
[377/890] OK (meta only) — The Moments — Walk Right In | genres: []
[378/890] OK (meta only) — Cheap Trick — Surrender | genres: []
[379/890] OK (meta only) — Dolly Parton — Baby I'm Burnin' | genres: []
[380/890] OK (meta only) — Simon & Garfunkel — Cecilia | genres: []
[381/890] OK (meta only) — Jackson Browne — Boulevard | genres: []
[382/890] OK (meta only) — Etta James — Fool That I Am | genres: []
[383/890] OK (meta only) — Elvis Presley — Judy | genres: []
[384/890] OK (meta only) — Roxette — The Look | genres: []
[385/890] OK (meta only) — Roxy — Dance Away | genres: []
[386/890] OK (meta only) — Dave Dudley — Six Days On The Road | genres: []
[387/890] OK (meta only) — Gary U.S. Bonds — Quarter To Three | genres: []
[388/890] OK (meta only) — Baltimora — Tarzan Boy (From "Teenage Mutant Ninja Turtles III") | genres: []
[389/890] OK (meta only) — Al Green — Oh Me, Oh My (Dreams In My Arms) | genres: []
[390/890] OK (meta only) — Chicago — Along Comes A Woman | genres: []
[391/890] OK (meta only) — Canned Heat — Let's work Together | genres: []
[392/890] OK (meta only) — Anita Baker — Giving You the Best That I Got | genres: []
[393/890] OK (meta only) — The Yardbirds — Heart Full of Soul | genres: []
[394/890] OK (meta only) — The Falcons — I Found A Love | genres: []
[395/890] OK (meta only) — The Miracles — I Don't Blame You At All | genres: []
[396/890] OK (meta only) — Ben E. King — Amor | genres: []
[397/890] OK (meta only) — Clarence Carter — Too Weak To Fight | genres: []
[398/890] OK (meta only) — The Righteous Brothers — Unchained Melody | genres: []
[399/890] OK (meta only) — Queen — We Are The Champions | genres: []
[400/890] OK (meta only) — Crosby, Stills & Nash — Southern Cross | genres: []
[401/890] OK (meta only) — Chico DeBarge — Talk to me | genres: []
[402/890] OK (meta only) — Eagles — The Long Run | genres: []
[403/890] OK (meta only) — Duran Duran — All she wants is | genres: []
[404/890] OK (meta only) — Yaz — Situation | genres: []
[405/890] OK (meta only) — Gladys Knight & The Pips — Letter Full of Tears | genres: []
[406/890] OK (meta only) — Rolling Stones — Time Is On My Side | genres: []
[407/890] OK (meta only) — Irma Thomas — Wish Someone Would Care | genres: []
[408/890] OK (meta only) — Alice Cooper — Hey Stoopid | genres: []
[409/890] OK (meta only) — Baltimora — Tarzan Boy (From "Teenage Mutant Ninja Turtles III") | genres: []
[410/890] OK (meta only) — Billy Swan — I Can Help | genres: []
[411/890] OK (meta only) — Santo & Johnny — Sleep Walk | genres: []
[412/890] OK (meta only) — B.B. King — The Thrill Is Gone | genres: []
[413/890] OK (meta only) — Tom D Hall — I Love | genres: []
[414/890] OK (meta only) — Carl Carlton — Everlasting Love | genres: []
[415/890] OK (meta only) — Quarterflash — Harden My Heart | genres: []
[416/890] OK (meta only) — Kiss — Rocket Ride | genres: []
[417/890] OK (meta only) — Sly And The Family Stone — I want to take you higher | genres: []
[418/890] OK (meta only) — Nick Gilder — Hot Child in the City | genres: []
[419/890] OK (meta only) — Mrs. Robinson — Simon & Garfunkel | genres: []
[420/890] OK (meta only) — Elvis Presley — His Latest Flame | genres: []
[421/890] OK (meta only) — Dean Martin — Everybody Loves Somebody | genres: []
[422/890] OK (meta only) — Marvin Gaye & Tammy Terrell — If I Could Build My Whole World Around You | genres: []
[423/890] OK (meta only) — Rod Stewart — Twisting the Night Away | genres: []
[424/890] OK (meta only) — Ray Parker Jr — Ghostbusters Theme | genres: []
[425/890] OK (meta only) — Glen Campbell — It's Only Make Believe | genres: []
[426/890] OK (meta only) — Stevie Wonder — Higher Ground | genres: []
[427/890] OK (meta only) — Bonnie Raitt — Nick of Time | genres: []
[428/890] OK (meta only) — Wilson Phillips — Hold On | genres: []
[429/890] OK (meta only) — Michael Jackson — Beat It | genres: []
[430/890] OK (meta only) — Stevie Wonder — If You really love me | genres: []
[431/890] OK (meta only) — Daryl Hall & John Oates — Maneater | genres: []
[432/890] OK (meta only) — Beastie Boys — Brass Monkey | genres: []
[433/890] OK (meta only) — Jan & Dean — Little Old Lady From Pasadena | genres: []
[434/890] OK (meta only) — Engelbert Humperdinck — After the Lovin' | genres: []
[435/890] OK (meta only) — Michael Jackson — Human Nature | genres: []
[436/890] OK (meta only) — Johnny Tillotson — Out Of My Mind | genres: []
[437/890] OK (meta only) — James Brown — Think | genres: []
[438/890] OK (meta only) — The Music Machine — The People In Me | genres: []
[439/890] OK (meta only) — Otis Redding — (Sittin' On) The Dock Of The Bay | genres: []
[440/890] OK (meta only) — Anita Baker — Caught Up In The Rapture | genres: []
[441/890] OK (meta only) — Pet Shop Boys — What Have I Done To Deserve This? | genres: []
[442/890] OK (meta only) — The Supremes — Stoned Love | genres: []
[443/890] OK (meta only) — Louis Armstrong — Hello Dolly | genres: []
[444/890] OK (meta only) — The Weather Girls — It's Raining Men | genres: []
[445/890] OK (meta only) — Soft Cell — Tainted Love | genres: []
[446/890] OK (meta only) — Eric Carmen — Sunrise | genres: []
[447/890] OK (meta only) — Dr. Hook — Years From Now | genres: []
[448/890] OK (meta only) — Corey Hart — In Your Soul | genres: []
